[INFO] Scanning for projects...
[INFO] 
[INFO] ----------------< com.saicon.games:callcard-components >----------------
[INFO] Building CallCard Components Layer 1.0.0-SNAPSHOT
[INFO]   from pom.xml
[INFO] --------------------------------[ jar ]---------------------------------
[INFO] 
[INFO] --- clean:3.2.0:clean (default-clean) @ callcard-components ---
[INFO] Deleting C:\Users\dimit\tradetool_middleware\callcard-components\target
[INFO] 
[INFO] --- resources:3.2.0:resources (default-resources) @ callcard-components ---
[INFO] Using 'UTF-8' encoding to copy filtered resources.
[INFO] Using 'UTF-8' encoding to copy filtered properties files.
[INFO] skip non existing resourceDirectory C:\Users\dimit\tradetool_middleware\callcard-components\src\main\resources
[INFO] skip non existing resourceDirectory C:\Users\dimit\tradetool_middleware\callcard-components\src\main\resources
[INFO] 
[INFO] --- compiler:3.10.1:compile (default-compile) @ callcard-components ---
[INFO] Changes detected - recompiling the module!
[INFO] Compiling 27 source files to C:\Users\dimit\tradetool_middleware\callcard-components\target\classes
[INFO] /C:/Users/dimit/tradetool_middleware/callcard-components/src/main/java/com/saicon/games/callcard/components/ErpDynamicQueryManager.java: C:\Users\dimit\tradetool_middleware\callcard-components\src\main\java\com\saicon\games\callcard\components\ErpDynamicQueryManager.java uses or overrides a deprecated API.
[INFO] /C:/Users/dimit/tradetool_middleware/callcard-components/src/main/java/com/saicon/games/callcard/components/ErpDynamicQueryManager.java: Recompile with -Xlint:deprecation for details.
[INFO] Some messages have been simplified; recompile with -Xdiags:verbose to get full output
[INFO] -------------------------------------------------------------
[ERROR] COMPILATION ERROR : 
[INFO] -------------------------------------------------------------
[ERROR] /C:/Users/dimit/tradetool_middleware/callcard-components/src/main/java/com/saicon/games/callcard/components/impl/CallCardManagement.java:[138,72] incompatible types: java.util.List<java.lang.Object[]> cannot be converted to java.util.List<com.saicon.games.callcard.entity.CallCard>
[ERROR] /C:/Users/dimit/tradetool_middleware/callcard-components/src/main/java/com/saicon/games/callcard/components/impl/CallCardManagement.java:[170,83] int cannot be dereferenced
[ERROR] /C:/Users/dimit/tradetool_middleware/callcard-components/src/main/java/com/saicon/games/callcard/components/impl/CallCardManagement.java:[172,41] cannot find symbol
  symbol:   method toInt()
  location: variable eventType of type com.saicon.games.callcard.util.EventType
[ERROR] /C:/Users/dimit/tradetool_middleware/callcard-components/src/main/java/com/saicon/games/callcard/components/impl/CallCardManagement.java:[173,44] incompatible types: com.saicon.games.callcard.util.EventTO cannot be converted to com.saicon.games.callcard.ws.dto.EventTO
[ERROR] /C:/Users/dimit/tradetool_middleware/callcard-components/src/main/java/com/saicon/games/callcard/components/impl/CallCardManagement.java:[180,84] incompatible types: java.util.Map<java.lang.String,java.util.Map<java.lang.String,java.lang.String>> cannot be converted to java.util.List<com.saicon.games.metadata.dto.MetadataDTO>
[ERROR] /C:/Users/dimit/tradetool_middleware/callcard-components/src/main/java/com/saicon/games/callcard/components/impl/CallCardManagement.java:[191,38] method listCallCardTemplates in class com.saicon.games.callcard.components.ErpDynamicQueryManager cannot be applied to given types;
  required: java.lang.String,java.lang.String,java.util.List<java.lang.String>,boolean,java.lang.Boolean,java.lang.String,int,int
  found:    java.lang.String,java.lang.String,callCardTe[...] null,java.util.List<com.saicon.multiplayer.dto.KeyValueDTO>,boolean,boolean,<nulltype>,int,int
  reason: actual and formal argument lists differ in length
[ERROR] /C:/Users/dimit/tradetool_middleware/callcard-components/src/main/java/com/saicon/games/callcard/components/impl/CallCardManagement.java:[203,125] cannot find symbol
  symbol:   variable GAME_TYPE
  location: class com.saicon.games.callcard.util.ScopeType
[ERROR] /C:/Users/dimit/tradetool_middleware/callcard-components/src/main/java/com/saicon/games/callcard/components/impl/CallCardManagement.java:[207,35] cannot find symbol
  symbol:   variable APP_SETTING_KEY_PREVIOUS_VISITS_SUMMARY
  location: class com.saicon.games.callcard.util.Constants
[ERROR] /C:/Users/dimit/tradetool_middleware/callcard-components/src/main/java/com/saicon/games/callcard/components/impl/CallCardManagement.java:[214,35] cannot find symbol
  symbol:   variable APP_SETTING_KEY_INCLUDE_VISITS_GEO_INFO
  location: class com.saicon.games.callcard.util.Constants
[ERROR] /C:/Users/dimit/tradetool_middleware/callcard-components/src/main/java/com/saicon/games/callcard/components/impl/CallCardManagement.java:[217,35] cannot find symbol
  symbol:   variable APP_SETTING_KEY_PRODUCT_TYPE_CATEGORIES
  location: class com.saicon.games.callcard.util.Constants
[ERROR] /C:/Users/dimit/tradetool_middleware/callcard-components/src/main/java/com/saicon/games/callcard/components/impl/CallCardManagement.java:[240,92] incompatible types: java.util.List<java.lang.String> cannot be converted to java.util.List<com.saicon.games.metadata.dto.MetadataKeyDTO>
[ERROR] /C:/Users/dimit/tradetool_middleware/callcard-components/src/main/java/com/saicon/games/callcard/components/impl/CallCardManagement.java:[274,31] cannot find symbol
  symbol:   variable BY_ORDERING_ASC
  location: class com.saicon.games.callcard.util.SortOrderTypes
[ERROR] /C:/Users/dimit/tradetool_middleware/callcard-components/src/main/java/com/saicon/games/callcard/components/impl/CallCardManagement.java:[281,47] no suitable constructor found for ArrayList(java.util.List<java.util.List<java.lang.String>>)
    constructor java.util.ArrayList.ArrayList(int) is not applicable
      (argument mismatch; no instance(s) of type variable(s) T exist so that java.util.List<T> conforms to int)
    constructor java.util.ArrayList.ArrayList(java.util.Collection<? extends java.lang.String>) is not applicable
      (argument mismatch; inference variable T has incompatible bounds
          upper bounds: java.lang.String,java.lang.Object
          lower bounds: java.util.List<java.lang.String>)
[ERROR] /C:/Users/dimit/tradetool_middleware/callcard-components/src/main/java/com/saicon/games/callcard/components/impl/CallCardManagement.java:[295,82] method listCallCardTemplates in class com.saicon.games.callcard.components.ErpDynamicQueryManager cannot be applied to given types;
  required: java.lang.String,java.lang.String,java.util.List<java.lang.String>,boolean,java.lang.Boolean,java.lang.String,int,int
  found:    java.lang.String,java.lang.String,<nulltype>,<nulltype>,boolean,boolean,java.lang.String,int,int
  reason: actual and formal argument lists differ in length
[ERROR] /C:/Users/dimit/tradetool_middleware/callcard-components/src/main/java/com/saicon/games/callcard/components/impl/CallCardManagement.java:[520,125] cannot find symbol
  symbol:   variable GAME_TYPE
  location: class com.saicon.games.callcard.util.ScopeType
[ERROR] /C:/Users/dimit/tradetool_middleware/callcard-components/src/main/java/com/saicon/games/callcard/components/impl/CallCardManagement.java:[524,35] cannot find symbol
  symbol:   variable APP_SETTING_KEY_PREVIOUS_VISITS_SUMMARY
  location: class com.saicon.games.callcard.util.Constants
[ERROR] /C:/Users/dimit/tradetool_middleware/callcard-components/src/main/java/com/saicon/games/callcard/components/impl/CallCardManagement.java:[531,35] cannot find symbol
  symbol:   variable APP_SETTING_KEY_INCLUDE_VISITS_GEO_INFO
  location: class com.saicon.games.callcard.util.Constants
[ERROR] /C:/Users/dimit/tradetool_middleware/callcard-components/src/main/java/com/saicon/games/callcard/components/impl/CallCardManagement.java:[534,35] cannot find symbol
  symbol:   variable APP_SETTING_KEY_PRODUCT_TYPE_CATEGORIES
  location: class com.saicon.games.callcard.util.Constants
[ERROR] /C:/Users/dimit/tradetool_middleware/callcard-components/src/main/java/com/saicon/games/callcard/components/impl/CallCardManagement.java:[557,92] incompatible types: java.util.List<java.lang.String> cannot be converted to java.util.List<com.saicon.games.metadata.dto.MetadataKeyDTO>
[ERROR] /C:/Users/dimit/tradetool_middleware/callcard-components/src/main/java/com/saicon/games/callcard/components/impl/CallCardManagement.java:[591,31] cannot find symbol
  symbol:   variable BY_ORDERING_ASC
  location: class com.saicon.games.callcard.util.SortOrderTypes
[ERROR] /C:/Users/dimit/tradetool_middleware/callcard-components/src/main/java/com/saicon/games/callcard/components/impl/CallCardManagement.java:[598,47] no suitable constructor found for ArrayList(java.util.List<java.util.List<java.lang.String>>)
    constructor java.util.ArrayList.ArrayList(int) is not applicable
      (argument mismatch; no instance(s) of type variable(s) T exist so that java.util.List<T> conforms to int)
    constructor java.util.ArrayList.ArrayList(java.util.Collection<? extends java.lang.String>) is not applicable
      (argument mismatch; inference variable T has incompatible bounds
          upper bounds: java.lang.String,java.lang.Object
          lower bounds: java.util.List<java.lang.String>)
[ERROR] /C:/Users/dimit/tradetool_middleware/callcard-components/src/main/java/com/saicon/games/callcard/components/impl/CallCardManagement.java:[806,32] cannot find symbol
  symbol:   variable CALL_CARD_DOWNLOADED
  location: class com.saicon.games.callcard.util.EventType
[ERROR] /C:/Users/dimit/tradetool_middleware/callcard-components/src/main/java/com/saicon/games/callcard/components/impl/CallCardManagement.java:[1323,125] cannot find symbol
  symbol:   variable GAME_TYPE
  location: class com.saicon.games.callcard.util.ScopeType
[ERROR] /C:/Users/dimit/tradetool_middleware/callcard-components/src/main/java/com/saicon/games/callcard/components/impl/CallCardManagement.java:[1327,35] cannot find symbol
  symbol:   variable APP_SETTING_KEY_PREVIOUS_VISITS_SUMMARY
  location: class com.saicon.games.callcard.util.Constants
[ERROR] /C:/Users/dimit/tradetool_middleware/callcard-components/src/main/java/com/saicon/games/callcard/components/impl/CallCardManagement.java:[1334,35] cannot find symbol
  symbol:   variable APP_SETTING_KEY_INCLUDE_VISITS_GEO_INFO
  location: class com.saicon.games.callcard.util.Constants
[ERROR] /C:/Users/dimit/tradetool_middleware/callcard-components/src/main/java/com/saicon/games/callcard/components/impl/CallCardManagement.java:[1337,35] cannot find symbol
  symbol:   variable APP_SETTING_KEY_PRODUCT_TYPE_CATEGORIES
  location: class com.saicon.games.callcard.util.Constants
[ERROR] /C:/Users/dimit/tradetool_middleware/callcard-components/src/main/java/com/saicon/games/callcard/components/impl/CallCardManagement.java:[1360,92] incompatible types: java.util.List<java.lang.String> cannot be converted to java.util.List<com.saicon.games.metadata.dto.MetadataKeyDTO>
[ERROR] /C:/Users/dimit/tradetool_middleware/callcard-components/src/main/java/com/saicon/games/callcard/components/impl/CallCardManagement.java:[1394,31] cannot find symbol
  symbol:   variable BY_ORDERING_ASC
  location: class com.saicon.games.callcard.util.SortOrderTypes
[ERROR] /C:/Users/dimit/tradetool_middleware/callcard-components/src/main/java/com/saicon/games/callcard/components/impl/CallCardManagement.java:[1401,47] no suitable constructor found for ArrayList(java.util.List<java.util.List<java.lang.String>>)
    constructor java.util.ArrayList.ArrayList(int) is not applicable
      (argument mismatch; no instance(s) of type variable(s) T exist so that java.util.List<T> conforms to int)
    constructor java.util.ArrayList.ArrayList(java.util.Collection<? extends java.lang.String>) is not applicable
      (argument mismatch; inference variable T has incompatible bounds
          upper bounds: java.lang.String,java.lang.Object
          lower bounds: java.util.List<java.lang.String>)
[ERROR] /C:/Users/dimit/tradetool_middleware/callcard-components/src/main/java/com/saicon/games/callcard/components/impl/CallCardManagement.java:[1603,62] incompatible types: no instance(s) of type variable(s) T exist so that java.util.List<T> conforms to java.lang.String
[ERROR] /C:/Users/dimit/tradetool_middleware/callcard-components/src/main/java/com/saicon/games/callcard/components/impl/CallCardManagement.java:[1632,32] cannot find symbol
  symbol:   variable CALL_CARD_DOWNLOADED
  location: class com.saicon.games.callcard.util.EventType
[ERROR] /C:/Users/dimit/tradetool_middleware/callcard-components/src/main/java/com/saicon/games/callcard/components/impl/CallCardManagement.java:[2180,110] incompatible types: java.util.Date cannot be converted to int
[ERROR] /C:/Users/dimit/tradetool_middleware/callcard-components/src/main/java/com/saicon/games/callcard/components/impl/CallCardManagement.java:[2219,138] incompatible types: java.util.Date cannot be converted to int
[ERROR] /C:/Users/dimit/tradetool_middleware/callcard-components/src/main/java/com/saicon/games/callcard/components/impl/CallCardManagement.java:[2240,126] incompatible types: java.math.BigDecimal cannot be converted to double
[ERROR] /C:/Users/dimit/tradetool_middleware/callcard-components/src/main/java/com/saicon/games/callcard/components/impl/CallCardManagement.java:[2313,47] cannot find symbol
  symbol:   method getDateCreated()
  location: variable salesOrder of type java.lang.Object
[ERROR] /C:/Users/dimit/tradetool_middleware/callcard-components/src/main/java/com/saicon/games/callcard/components/impl/CallCardManagement.java:[2563,38] incompatible types: bad type in conditional expression
    no instance(s) of type variable(s) T exist so that java.util.List<T> conforms to java.lang.String[]
[ERROR] /C:/Users/dimit/tradetool_middleware/callcard-components/src/main/java/com/saicon/games/callcard/components/impl/CallCardManagement.java:[2590,15] cannot find symbol
  symbol:   method isValidUUID(java.lang.String,java.lang.String)
  location: class com.saicon.games.callcard.util.Assert
[ERROR] /C:/Users/dimit/tradetool_middleware/callcard-components/src/main/java/com/saicon/games/callcard/components/impl/CallCardManagement.java:[2662,53] incompatible types: possible lossy conversion from long to int
[ERROR] /C:/Users/dimit/tradetool_middleware/callcard-components/src/main/java/com/saicon/games/callcard/components/impl/CallCardManagement.java:[2807,80] incompatible types: java.util.Map<java.lang.String,java.util.Map<java.lang.String,java.lang.String>> cannot be converted to java.util.List<com.saicon.games.metadata.dto.MetadataDTO>
[ERROR] /C:/Users/dimit/tradetool_middleware/callcard-components/src/main/java/com/saicon/games/callcard/components/impl/CallCardManagement.java:[2818,66] method listCallCardTemplates in class com.saicon.games.callcard.components.ErpDynamicQueryManager cannot be applied to given types;
  required: java.lang.String,java.lang.String,java.util.List<java.lang.String>,boolean,java.lang.Boolean,java.lang.String,int,int
  found:    java.lang.String,java.lang.String,<nulltype>,java.util.List<com.saicon.multiplayer.dto.KeyValueDTO>,boolean,boolean,<nulltype>,int,int
  reason: actual and formal argument lists differ in length
[ERROR] /C:/Users/dimit/tradetool_middleware/callcard-components/src/main/java/com/saicon/games/callcard/components/impl/CallCardManagement.java:[2828,74] method listCallCardTemplates in class com.saicon.games.callcard.components.ErpDynamicQueryManager cannot be applied to given types;
  required: java.lang.String,java.lang.String,java.util.List<java.lang.String>,boolean,java.lang.Boolean,java.lang.String,int,int
  found:    java.lang.String,java.lang.String,<nulltype>,<nulltype>,boolean,boolean,java.lang.String,int,int
  reason: actual and formal argument lists differ in length
[ERROR] /C:/Users/dimit/tradetool_middleware/callcard-components/src/main/java/com/saicon/games/callcard/components/impl/CallCardManagement.java:[3093,73] incompatible types: java.lang.Object cannot be converted to java.util.List<com.saicon.games.entities.shared.UserAddressbook>
[ERROR] /C:/Users/dimit/tradetool_middleware/callcard-components/src/main/java/com/saicon/games/callcard/components/impl/CallCardManagement.java:[3099,84] incompatible types: java.util.Map<java.lang.String,java.util.Map<java.lang.String,java.lang.String>> cannot be converted to java.util.List<com.saicon.games.metadata.dto.MetadataDTO>
[ERROR] /C:/Users/dimit/tradetool_middleware/callcard-components/src/main/java/com/saicon/games/callcard/components/impl/CallCardManagement.java:[3138,48] incompatible types: java.lang.String cannot be converted to int
[ERROR] /C:/Users/dimit/tradetool_middleware/callcard-components/src/main/java/com/saicon/games/callcard/components/impl/CallCardManagement.java:[3141,58] incompatible types: java.lang.String cannot be converted to com.saicon.games.entities.shared.State
[ERROR] /C:/Users/dimit/tradetool_middleware/callcard-components/src/main/java/com/saicon/games/callcard/components/impl/CallCardManagement.java:[3142,55] incompatible types: java.lang.String cannot be converted to int
[ERROR] /C:/Users/dimit/tradetool_middleware/callcard-components/src/main/java/com/saicon/games/callcard/components/impl/CallCardManagement.java:[3143,92] cannot find symbol
  symbol:   method getId()
  location: class java.lang.String
[ERROR] /C:/Users/dimit/tradetool_middleware/callcard-components/src/main/java/com/saicon/games/callcard/components/impl/CallCardManagement.java:[3149,86] incompatible types: java.lang.Object cannot be converted to com.saicon.games.entities.shared.Addressbook
[ERROR] /C:/Users/dimit/tradetool_middleware/callcard-components/src/main/java/com/saicon/games/callcard/components/impl/CallCardManagement.java:[3174,81] cannot find symbol
  symbol:   method size()
  location: class java.lang.Object
[ERROR] /C:/Users/dimit/tradetool_middleware/callcard-components/src/main/java/com/saicon/games/callcard/components/impl/CallCardManagement.java:[3175,67] cannot find symbol
  symbol:   method get(int)
  location: class java.lang.Object
[ERROR] /C:/Users/dimit/tradetool_middleware/callcard-components/src/main/java/com/saicon/games/callcard/components/impl/CallCardManagement.java:[3204,83] cannot find symbol
  symbol:   method getRefItemId()
  location: variable salesOrder of type java.lang.Object
[ERROR] /C:/Users/dimit/tradetool_middleware/callcard-components/src/main/java/com/saicon/games/callcard/components/impl/CallCardManagement.java:[3208,127] cannot find symbol
  symbol:   method getSalesOrderId()
  location: variable salesOrder of type java.lang.Object
[ERROR] /C:/Users/dimit/tradetool_middleware/callcard-components/src/main/java/com/saicon/games/callcard/components/impl/CallCardManagement.java:[3210,72] cannot find symbol
  symbol:   method getItemId()
  location: variable detail of type java.lang.Object
[ERROR] /C:/Users/dimit/tradetool_middleware/callcard-components/src/main/java/com/saicon/games/callcard/components/impl/CallCardManagement.java:[3216,47] cannot find symbol
  symbol:   method getQuantity()
  location: variable detail of type java.lang.Object
[ERROR] /C:/Users/dimit/tradetool_middleware/callcard-components/src/main/java/com/saicon/games/callcard/components/impl/CallCardManagement.java:[3217,47] cannot find symbol
  symbol:   method getDateCreated()
  location: variable detail of type java.lang.Object
[ERROR] /C:/Users/dimit/tradetool_middleware/callcard-components/src/main/java/com/saicon/games/callcard/components/impl/CallCardManagement.java:[3220,47] cannot find symbol
  symbol:   method getItemPrice()
  location: variable detail of type java.lang.Object
[ERROR] /C:/Users/dimit/tradetool_middleware/callcard-components/src/main/java/com/saicon/games/callcard/components/impl/CallCardManagement.java:[3220,94] cannot find symbol
  symbol:   method getItemPrice()
  location: variable detail of type java.lang.Object
[ERROR] /C:/Users/dimit/tradetool_middleware/callcard-components/src/main/java/com/saicon/games/callcard/components/impl/CallCardManagement.java:[3211,64] cannot find symbol
  symbol:   method getItemId()
  location: variable detail of type java.lang.Object
[ERROR] /C:/Users/dimit/tradetool_middleware/callcard-components/src/main/java/com/saicon/games/callcard/components/impl/CallCardManagement.java:[3230,47] cannot find symbol
  symbol:   method getQuantity()
  location: variable detail of type java.lang.Object
[ERROR] /C:/Users/dimit/tradetool_middleware/callcard-components/src/main/java/com/saicon/games/callcard/components/impl/CallCardManagement.java:[3231,47] cannot find symbol
  symbol:   method getDateCreated()
  location: variable detail of type java.lang.Object
[ERROR] /C:/Users/dimit/tradetool_middleware/callcard-components/src/main/java/com/saicon/games/callcard/components/impl/CallCardManagement.java:[3234,47] cannot find symbol
  symbol:   method getItemPrice()
  location: variable detail of type java.lang.Object
[ERROR] /C:/Users/dimit/tradetool_middleware/callcard-components/src/main/java/com/saicon/games/callcard/components/impl/CallCardManagement.java:[3234,94] cannot find symbol
  symbol:   method getItemPrice()
  location: variable detail of type java.lang.Object
[ERROR] /C:/Users/dimit/tradetool_middleware/callcard-components/src/main/java/com/saicon/games/callcard/components/impl/CallCardManagement.java:[3237,64] cannot find symbol
  symbol:   method getItemId()
  location: variable detail of type java.lang.Object
[ERROR] /C:/Users/dimit/tradetool_middleware/callcard-components/src/main/java/com/saicon/games/callcard/components/impl/CallCardManagement.java:[3262,97] incompatible types: java.util.List<java.lang.Object[]> cannot be converted to java.util.Map<java.lang.String,java.util.List<com.saicon.games.callcard.entity.CallCardRefUserIndex>>
[ERROR] /C:/Users/dimit/tradetool_middleware/callcard-components/src/main/java/com/saicon/games/callcard/components/impl/CallCardManagement.java:[3266,49] cannot find symbol
  symbol:   method listInvoiceDetailsSummaries(java.lang.String,java.util.List<java.lang.String>,java.lang.Integer,java.util.List<java.lang.Integer>)
  location: variable erpNativeQueryManager of type com.saicon.games.callcard.components.ErpNativeQueryManager
[ERROR] /C:/Users/dimit/tradetool_middleware/callcard-components/src/main/java/com/saicon/games/callcard/components/impl/CallCardManagement.java:[3283,62] cannot find symbol
  symbol:   method getItemTypeId()
  location: variable invoiceDetails of type java.lang.Object
[ERROR] /C:/Users/dimit/tradetool_middleware/callcard-components/src/main/java/com/saicon/games/callcard/components/impl/CallCardManagement.java:[3284,58] cannot find symbol
  symbol:   method getItemId()
  location: variable invoiceDetails of type java.lang.Object
[ERROR] /C:/Users/dimit/tradetool_middleware/callcard-components/src/main/java/com/saicon/games/callcard/components/impl/CallCardManagement.java:[3286,80] cannot find symbol
  symbol:   method getQuantity()
  location: variable invoiceDetails of type java.lang.Object
[ERROR] /C:/Users/dimit/tradetool_middleware/callcard-components/src/main/java/com/saicon/games/callcard/components/impl/CallCardManagement.java:[3562,15] cannot find symbol
  symbol:   method isValidUUID(java.lang.String,java.lang.String)
  location: class com.saicon.games.callcard.util.Assert
[ERROR] /C:/Users/dimit/tradetool_middleware/callcard-components/src/main/java/com/saicon/games/callcard/components/impl/CallCardManagement.java:[3628,15] cannot find symbol
  symbol:   method isValidUUID(java.lang.String,java.lang.String)
  location: class com.saicon.games.callcard.util.Assert
[ERROR] /C:/Users/dimit/tradetool_middleware/callcard-components/src/main/java/com/saicon/games/callcard/components/impl/CallCardManagement.java:[3630,15] cannot find symbol
  symbol:   method isValidUUID(java.lang.String,java.lang.String)
  location: class com.saicon.games.callcard.util.Assert
[ERROR] /C:/Users/dimit/tradetool_middleware/callcard-components/src/main/java/com/saicon/games/callcard/components/impl/CallCardManagement.java:[3711,15] cannot find symbol
  symbol:   method isValidUUID(java.lang.String,java.lang.String)
  location: class com.saicon.games.callcard.util.Assert
[ERROR] /C:/Users/dimit/tradetool_middleware/callcard-components/src/main/java/com/saicon/games/callcard/components/impl/CallCardManagement.java:[3713,15] cannot find symbol
  symbol:   method isValidUUID(java.lang.String,java.lang.String)
  location: class com.saicon.games.callcard.util.Assert
[ERROR] /C:/Users/dimit/tradetool_middleware/callcard-components/src/main/java/com/saicon/games/callcard/components/impl/CallCardManagement.java:[3815,15] cannot find symbol
  symbol:   method isValidUUID(java.lang.String,java.lang.String)
  location: class com.saicon.games.callcard.util.Assert
[ERROR] /C:/Users/dimit/tradetool_middleware/callcard-components/src/main/java/com/saicon/games/callcard/components/impl/CallCardManagement.java:[3890,15] cannot find symbol
  symbol:   method isValidUUID(java.lang.String,java.lang.String)
  location: class com.saicon.games.callcard.util.Assert
[ERROR] /C:/Users/dimit/tradetool_middleware/callcard-components/src/main/java/com/saicon/games/callcard/components/impl/CallCardManagement.java:[3912,45] incompatible types: java.lang.Object[] cannot be converted to java.lang.Number
[ERROR] /C:/Users/dimit/tradetool_middleware/callcard-components/src/main/java/com/saicon/games/callcard/components/impl/CallCardManagement.java:[3927,15] cannot find symbol
  symbol:   method isValidUUID(java.lang.String,java.lang.String)
  location: class com.saicon.games.callcard.util.Assert
[ERROR] /C:/Users/dimit/tradetool_middleware/callcard-components/src/main/java/com/saicon/games/callcard/components/impl/CallCardManagement.java:[4000,15] cannot find symbol
  symbol:   method isValidUUID(java.lang.String,java.lang.String)
  location: class com.saicon.games.callcard.util.Assert
[ERROR] /C:/Users/dimit/tradetool_middleware/callcard-components/src/main/java/com/saicon/games/callcard/components/MultiTenantQueryFilter.java:[113,35] cannot find symbol
  symbol:   method getParameter(java.lang.String)
  location: variable filter of type org.hibernate.Filter
[INFO] 79 errors 
[INFO] -------------------------------------------------------------
[INFO] ------------------------------------------------------------------------
[INFO] BUILD FAILURE
[INFO] ------------------------------------------------------------------------
[INFO] Total time:  12.713 s
[INFO] Finished at: 2025-12-21T15:08:11+02:00
[INFO] ------------------------------------------------------------------------
[ERROR] Failed to execute goal org.apache.maven.plugins:maven-compiler-plugin:3.10.1:compile (default-compile) on project callcard-components: Compilation failure: Compilation failure: 
[ERROR] /C:/Users/dimit/tradetool_middleware/callcard-components/src/main/java/com/saicon/games/callcard/components/impl/CallCardManagement.java:[138,72] incompatible types: java.util.List<java.lang.Object[]> cannot be converted to java.util.List<com.saicon.games.callcard.entity.CallCard>
[ERROR] /C:/Users/dimit/tradetool_middleware/callcard-components/src/main/java/com/saicon/games/callcard/components/impl/CallCardManagement.java:[170,83] int cannot be dereferenced
[ERROR] /C:/Users/dimit/tradetool_middleware/callcard-components/src/main/java/com/saicon/games/callcard/components/impl/CallCardManagement.java:[172,41] cannot find symbol
[ERROR]   symbol:   method toInt()
[ERROR]   location: variable eventType of type com.saicon.games.callcard.util.EventType
[ERROR] /C:/Users/dimit/tradetool_middleware/callcard-components/src/main/java/com/saicon/games/callcard/components/impl/CallCardManagement.java:[173,44] incompatible types: com.saicon.games.callcard.util.EventTO cannot be converted to com.saicon.games.callcard.ws.dto.EventTO
[ERROR] /C:/Users/dimit/tradetool_middleware/callcard-components/src/main/java/com/saicon/games/callcard/components/impl/CallCardManagement.java:[180,84] incompatible types: java.util.Map<java.lang.String,java.util.Map<java.lang.String,java.lang.String>> cannot be converted to java.util.List<com.saicon.games.metadata.dto.MetadataDTO>
[ERROR] /C:/Users/dimit/tradetool_middleware/callcard-components/src/main/java/com/saicon/games/callcard/components/impl/CallCardManagement.java:[191,38] method listCallCardTemplates in class com.saicon.games.callcard.components.ErpDynamicQueryManager cannot be applied to given types;
[ERROR]   required: java.lang.String,java.lang.String,java.util.List<java.lang.String>,boolean,java.lang.Boolean,java.lang.String,int,int
[ERROR]   found:    java.lang.String,java.lang.String,callCardTe[...] null,java.util.List<com.saicon.multiplayer.dto.KeyValueDTO>,boolean,boolean,<nulltype>,int,int
[ERROR]   reason: actual and formal argument lists differ in length
[ERROR] /C:/Users/dimit/tradetool_middleware/callcard-components/src/main/java/com/saicon/games/callcard/components/impl/CallCardManagement.java:[203,125] cannot find symbol
[ERROR]   symbol:   variable GAME_TYPE
[ERROR]   location: class com.saicon.games.callcard.util.ScopeType
[ERROR] /C:/Users/dimit/tradetool_middleware/callcard-components/src/main/java/com/saicon/games/callcard/components/impl/CallCardManagement.java:[207,35] cannot find symbol
[ERROR]   symbol:   variable APP_SETTING_KEY_PREVIOUS_VISITS_SUMMARY
[ERROR]   location: class com.saicon.games.callcard.util.Constants
[ERROR] /C:/Users/dimit/tradetool_middleware/callcard-components/src/main/java/com/saicon/games/callcard/components/impl/CallCardManagement.java:[214,35] cannot find symbol
[ERROR]   symbol:   variable APP_SETTING_KEY_INCLUDE_VISITS_GEO_INFO
[ERROR]   location: class com.saicon.games.callcard.util.Constants
[ERROR] /C:/Users/dimit/tradetool_middleware/callcard-components/src/main/java/com/saicon/games/callcard/components/impl/CallCardManagement.java:[217,35] cannot find symbol
[ERROR]   symbol:   variable APP_SETTING_KEY_PRODUCT_TYPE_CATEGORIES
[ERROR]   location: class com.saicon.games.callcard.util.Constants
[ERROR] /C:/Users/dimit/tradetool_middleware/callcard-components/src/main/java/com/saicon/games/callcard/components/impl/CallCardManagement.java:[240,92] incompatible types: java.util.List<java.lang.String> cannot be converted to java.util.List<com.saicon.games.metadata.dto.MetadataKeyDTO>
[ERROR] /C:/Users/dimit/tradetool_middleware/callcard-components/src/main/java/com/saicon/games/callcard/components/impl/CallCardManagement.java:[274,31] cannot find symbol
[ERROR]   symbol:   variable BY_ORDERING_ASC
[ERROR]   location: class com.saicon.games.callcard.util.SortOrderTypes
[ERROR] /C:/Users/dimit/tradetool_middleware/callcard-components/src/main/java/com/saicon/games/callcard/components/impl/CallCardManagement.java:[281,47] no suitable constructor found for ArrayList(java.util.List<java.util.List<java.lang.String>>)
[ERROR]     constructor java.util.ArrayList.ArrayList(int) is not applicable
[ERROR]       (argument mismatch; no instance(s) of type variable(s) T exist so that java.util.List<T> conforms to int)
[ERROR]     constructor java.util.ArrayList.ArrayList(java.util.Collection<? extends java.lang.String>) is not applicable
[ERROR]       (argument mismatch; inference variable T has incompatible bounds
[ERROR]           upper bounds: java.lang.String,java.lang.Object
[ERROR]           lower bounds: java.util.List<java.lang.String>)
[ERROR] /C:/Users/dimit/tradetool_middleware/callcard-components/src/main/java/com/saicon/games/callcard/components/impl/CallCardManagement.java:[295,82] method listCallCardTemplates in class com.saicon.games.callcard.components.ErpDynamicQueryManager cannot be applied to given types;
[ERROR]   required: java.lang.String,java.lang.String,java.util.List<java.lang.String>,boolean,java.lang.Boolean,java.lang.String,int,int
[ERROR]   found:    java.lang.String,java.lang.String,<nulltype>,<nulltype>,boolean,boolean,java.lang.String,int,int
[ERROR]   reason: actual and formal argument lists differ in length
[ERROR] /C:/Users/dimit/tradetool_middleware/callcard-components/src/main/java/com/saicon/games/callcard/components/impl/CallCardManagement.java:[520,125] cannot find symbol
[ERROR]   symbol:   variable GAME_TYPE
[ERROR]   location: class com.saicon.games.callcard.util.ScopeType
[ERROR] /C:/Users/dimit/tradetool_middleware/callcard-components/src/main/java/com/saicon/games/callcard/components/impl/CallCardManagement.java:[524,35] cannot find symbol
[ERROR]   symbol:   variable APP_SETTING_KEY_PREVIOUS_VISITS_SUMMARY
[ERROR]   location: class com.saicon.games.callcard.util.Constants
[ERROR] /C:/Users/dimit/tradetool_middleware/callcard-components/src/main/java/com/saicon/games/callcard/components/impl/CallCardManagement.java:[531,35] cannot find symbol
[ERROR]   symbol:   variable APP_SETTING_KEY_INCLUDE_VISITS_GEO_INFO
[ERROR]   location: class com.saicon.games.callcard.util.Constants
[ERROR] /C:/Users/dimit/tradetool_middleware/callcard-components/src/main/java/com/saicon/games/callcard/components/impl/CallCardManagement.java:[534,35] cannot find symbol
[ERROR]   symbol:   variable APP_SETTING_KEY_PRODUCT_TYPE_CATEGORIES
[ERROR]   location: class com.saicon.games.callcard.util.Constants
[ERROR] /C:/Users/dimit/tradetool_middleware/callcard-components/src/main/java/com/saicon/games/callcard/components/impl/CallCardManagement.java:[557,92] incompatible types: java.util.List<java.lang.String> cannot be converted to java.util.List<com.saicon.games.metadata.dto.MetadataKeyDTO>
[ERROR] /C:/Users/dimit/tradetool_middleware/callcard-components/src/main/java/com/saicon/games/callcard/components/impl/CallCardManagement.java:[591,31] cannot find symbol
[ERROR]   symbol:   variable BY_ORDERING_ASC
[ERROR]   location: class com.saicon.games.callcard.util.SortOrderTypes
[ERROR] /C:/Users/dimit/tradetool_middleware/callcard-components/src/main/java/com/saicon/games/callcard/components/impl/CallCardManagement.java:[598,47] no suitable constructor found for ArrayList(java.util.List<java.util.List<java.lang.String>>)
[ERROR]     constructor java.util.ArrayList.ArrayList(int) is not applicable
[ERROR]       (argument mismatch; no instance(s) of type variable(s) T exist so that java.util.List<T> conforms to int)
[ERROR]     constructor java.util.ArrayList.ArrayList(java.util.Collection<? extends java.lang.String>) is not applicable
[ERROR]       (argument mismatch; inference variable T has incompatible bounds
[ERROR]           upper bounds: java.lang.String,java.lang.Object
[ERROR]           lower bounds: java.util.List<java.lang.String>)
[ERROR] /C:/Users/dimit/tradetool_middleware/callcard-components/src/main/java/com/saicon/games/callcard/components/impl/CallCardManagement.java:[806,32] cannot find symbol
[ERROR]   symbol:   variable CALL_CARD_DOWNLOADED
[ERROR]   location: class com.saicon.games.callcard.util.EventType
[ERROR] /C:/Users/dimit/tradetool_middleware/callcard-components/src/main/java/com/saicon/games/callcard/components/impl/CallCardManagement.java:[1323,125] cannot find symbol
[ERROR]   symbol:   variable GAME_TYPE
[ERROR]   location: class com.saicon.games.callcard.util.ScopeType
[ERROR] /C:/Users/dimit/tradetool_middleware/callcard-components/src/main/java/com/saicon/games/callcard/components/impl/CallCardManagement.java:[1327,35] cannot find symbol
[ERROR]   symbol:   variable APP_SETTING_KEY_PREVIOUS_VISITS_SUMMARY
[ERROR]   location: class com.saicon.games.callcard.util.Constants
[ERROR] /C:/Users/dimit/tradetool_middleware/callcard-components/src/main/java/com/saicon/games/callcard/components/impl/CallCardManagement.java:[1334,35] cannot find symbol
[ERROR]   symbol:   variable APP_SETTING_KEY_INCLUDE_VISITS_GEO_INFO
[ERROR]   location: class com.saicon.games.callcard.util.Constants
[ERROR] /C:/Users/dimit/tradetool_middleware/callcard-components/src/main/java/com/saicon/games/callcard/components/impl/CallCardManagement.java:[1337,35] cannot find symbol
[ERROR]   symbol:   variable APP_SETTING_KEY_PRODUCT_TYPE_CATEGORIES
[ERROR]   location: class com.saicon.games.callcard.util.Constants
[ERROR] /C:/Users/dimit/tradetool_middleware/callcard-components/src/main/java/com/saicon/games/callcard/components/impl/CallCardManagement.java:[1360,92] incompatible types: java.util.List<java.lang.String> cannot be converted to java.util.List<com.saicon.games.metadata.dto.MetadataKeyDTO>
[ERROR] /C:/Users/dimit/tradetool_middleware/callcard-components/src/main/java/com/saicon/games/callcard/components/impl/CallCardManagement.java:[1394,31] cannot find symbol
[ERROR]   symbol:   variable BY_ORDERING_ASC
[ERROR]   location: class com.saicon.games.callcard.util.SortOrderTypes
[ERROR] /C:/Users/dimit/tradetool_middleware/callcard-components/src/main/java/com/saicon/games/callcard/components/impl/CallCardManagement.java:[1401,47] no suitable constructor found for ArrayList(java.util.List<java.util.List<java.lang.String>>)
[ERROR]     constructor java.util.ArrayList.ArrayList(int) is not applicable
[ERROR]       (argument mismatch; no instance(s) of type variable(s) T exist so that java.util.List<T> conforms to int)
[ERROR]     constructor java.util.ArrayList.ArrayList(java.util.Collection<? extends java.lang.String>) is not applicable
[ERROR]       (argument mismatch; inference variable T has incompatible bounds
[ERROR]           upper bounds: java.lang.String,java.lang.Object
[ERROR]           lower bounds: java.util.List<java.lang.String>)
[ERROR] /C:/Users/dimit/tradetool_middleware/callcard-components/src/main/java/com/saicon/games/callcard/components/impl/CallCardManagement.java:[1603,62] incompatible types: no instance(s) of type variable(s) T exist so that java.util.List<T> conforms to java.lang.String
[ERROR] /C:/Users/dimit/tradetool_middleware/callcard-components/src/main/java/com/saicon/games/callcard/components/impl/CallCardManagement.java:[1632,32] cannot find symbol
[ERROR]   symbol:   variable CALL_CARD_DOWNLOADED
[ERROR]   location: class com.saicon.games.callcard.util.EventType
[ERROR] /C:/Users/dimit/tradetool_middleware/callcard-components/src/main/java/com/saicon/games/callcard/components/impl/CallCardManagement.java:[2180,110] incompatible types: java.util.Date cannot be converted to int
[ERROR] /C:/Users/dimit/tradetool_middleware/callcard-components/src/main/java/com/saicon/games/callcard/components/impl/CallCardManagement.java:[2219,138] incompatible types: java.util.Date cannot be converted to int
[ERROR] /C:/Users/dimit/tradetool_middleware/callcard-components/src/main/java/com/saicon/games/callcard/components/impl/CallCardManagement.java:[2240,126] incompatible types: java.math.BigDecimal cannot be converted to double
[ERROR] /C:/Users/dimit/tradetool_middleware/callcard-components/src/main/java/com/saicon/games/callcard/components/impl/CallCardManagement.java:[2313,47] cannot find symbol
[ERROR]   symbol:   method getDateCreated()
[ERROR]   location: variable salesOrder of type java.lang.Object
[ERROR] /C:/Users/dimit/tradetool_middleware/callcard-components/src/main/java/com/saicon/games/callcard/components/impl/CallCardManagement.java:[2563,38] incompatible types: bad type in conditional expression
[ERROR]     no instance(s) of type variable(s) T exist so that java.util.List<T> conforms to java.lang.String[]
[ERROR] /C:/Users/dimit/tradetool_middleware/callcard-components/src/main/java/com/saicon/games/callcard/components/impl/CallCardManagement.java:[2590,15] cannot find symbol
[ERROR]   symbol:   method isValidUUID(java.lang.String,java.lang.String)
[ERROR]   location: class com.saicon.games.callcard.util.Assert
[ERROR] /C:/Users/dimit/tradetool_middleware/callcard-components/src/main/java/com/saicon/games/callcard/components/impl/CallCardManagement.java:[2662,53] incompatible types: possible lossy conversion from long to int
[ERROR] /C:/Users/dimit/tradetool_middleware/callcard-components/src/main/java/com/saicon/games/callcard/components/impl/CallCardManagement.java:[2807,80] incompatible types: java.util.Map<java.lang.String,java.util.Map<java.lang.String,java.lang.String>> cannot be converted to java.util.List<com.saicon.games.metadata.dto.MetadataDTO>
[ERROR] /C:/Users/dimit/tradetool_middleware/callcard-components/src/main/java/com/saicon/games/callcard/components/impl/CallCardManagement.java:[2818,66] method listCallCardTemplates in class com.saicon.games.callcard.components.ErpDynamicQueryManager cannot be applied to given types;
[ERROR]   required: java.lang.String,java.lang.String,java.util.List<java.lang.String>,boolean,java.lang.Boolean,java.lang.String,int,int
[ERROR]   found:    java.lang.String,java.lang.String,<nulltype>,java.util.List<com.saicon.multiplayer.dto.KeyValueDTO>,boolean,boolean,<nulltype>,int,int
[ERROR]   reason: actual and formal argument lists differ in length
[ERROR] /C:/Users/dimit/tradetool_middleware/callcard-components/src/main/java/com/saicon/games/callcard/components/impl/CallCardManagement.java:[2828,74] method listCallCardTemplates in class com.saicon.games.callcard.components.ErpDynamicQueryManager cannot be applied to given types;
[ERROR]   required: java.lang.String,java.lang.String,java.util.List<java.lang.String>,boolean,java.lang.Boolean,java.lang.String,int,int
[ERROR]   found:    java.lang.String,java.lang.String,<nulltype>,<nulltype>,boolean,boolean,java.lang.String,int,int
[ERROR]   reason: actual and formal argument lists differ in length
[ERROR] /C:/Users/dimit/tradetool_middleware/callcard-components/src/main/java/com/saicon/games/callcard/components/impl/CallCardManagement.java:[3093,73] incompatible types: java.lang.Object cannot be converted to java.util.List<com.saicon.games.entities.shared.UserAddressbook>
[ERROR] /C:/Users/dimit/tradetool_middleware/callcard-components/src/main/java/com/saicon/games/callcard/components/impl/CallCardManagement.java:[3099,84] incompatible types: java.util.Map<java.lang.String,java.util.Map<java.lang.String,java.lang.String>> cannot be converted to java.util.List<com.saicon.games.metadata.dto.MetadataDTO>
[ERROR] /C:/Users/dimit/tradetool_middleware/callcard-components/src/main/java/com/saicon/games/callcard/components/impl/CallCardManagement.java:[3138,48] incompatible types: java.lang.String cannot be converted to int
[ERROR] /C:/Users/dimit/tradetool_middleware/callcard-components/src/main/java/com/saicon/games/callcard/components/impl/CallCardManagement.java:[3141,58] incompatible types: java.lang.String cannot be converted to com.saicon.games.entities.shared.State
[ERROR] /C:/Users/dimit/tradetool_middleware/callcard-components/src/main/java/com/saicon/games/callcard/components/impl/CallCardManagement.java:[3142,55] incompatible types: java.lang.String cannot be converted to int
[ERROR] /C:/Users/dimit/tradetool_middleware/callcard-components/src/main/java/com/saicon/games/callcard/components/impl/CallCardManagement.java:[3143,92] cannot find symbol
[ERROR]   symbol:   method getId()
[ERROR]   location: class java.lang.String
[ERROR] /C:/Users/dimit/tradetool_middleware/callcard-components/src/main/java/com/saicon/games/callcard/components/impl/CallCardManagement.java:[3149,86] incompatible types: java.lang.Object cannot be converted to com.saicon.games.entities.shared.Addressbook
[ERROR] /C:/Users/dimit/tradetool_middleware/callcard-components/src/main/java/com/saicon/games/callcard/components/impl/CallCardManagement.java:[3174,81] cannot find symbol
[ERROR]   symbol:   method size()
[ERROR]   location: class java.lang.Object
[ERROR] /C:/Users/dimit/tradetool_middleware/callcard-components/src/main/java/com/saicon/games/callcard/components/impl/CallCardManagement.java:[3175,67] cannot find symbol
[ERROR]   symbol:   method get(int)
[ERROR]   location: class java.lang.Object
[ERROR] /C:/Users/dimit/tradetool_middleware/callcard-components/src/main/java/com/saicon/games/callcard/components/impl/CallCardManagement.java:[3204,83] cannot find symbol
[ERROR]   symbol:   method getRefItemId()
[ERROR]   location: variable salesOrder of type java.lang.Object
[ERROR] /C:/Users/dimit/tradetool_middleware/callcard-components/src/main/java/com/saicon/games/callcard/components/impl/CallCardManagement.java:[3208,127] cannot find symbol
[ERROR]   symbol:   method getSalesOrderId()
[ERROR]   location: variable salesOrder of type java.lang.Object
[ERROR] /C:/Users/dimit/tradetool_middleware/callcard-components/src/main/java/com/saicon/games/callcard/components/impl/CallCardManagement.java:[3210,72] cannot find symbol
[ERROR]   symbol:   method getItemId()
[ERROR]   location: variable detail of type java.lang.Object
[ERROR] /C:/Users/dimit/tradetool_middleware/callcard-components/src/main/java/com/saicon/games/callcard/components/impl/CallCardManagement.java:[3216,47] cannot find symbol
[ERROR]   symbol:   method getQuantity()
[ERROR]   location: variable detail of type java.lang.Object
[ERROR] /C:/Users/dimit/tradetool_middleware/callcard-components/src/main/java/com/saicon/games/callcard/components/impl/CallCardManagement.java:[3217,47] cannot find symbol
[ERROR]   symbol:   method getDateCreated()
[ERROR]   location: variable detail of type java.lang.Object
[ERROR] /C:/Users/dimit/tradetool_middleware/callcard-components/src/main/java/com/saicon/games/callcard/components/impl/CallCardManagement.java:[3220,47] cannot find symbol
[ERROR]   symbol:   method getItemPrice()
[ERROR]   location: variable detail of type java.lang.Object
[ERROR] /C:/Users/dimit/tradetool_middleware/callcard-components/src/main/java/com/saicon/games/callcard/components/impl/CallCardManagement.java:[3220,94] cannot find symbol
[ERROR]   symbol:   method getItemPrice()
[ERROR]   location: variable detail of type java.lang.Object
[ERROR] /C:/Users/dimit/tradetool_middleware/callcard-components/src/main/java/com/saicon/games/callcard/components/impl/CallCardManagement.java:[3211,64] cannot find symbol
[ERROR]   symbol:   method getItemId()
[ERROR]   location: variable detail of type java.lang.Object
[ERROR] /C:/Users/dimit/tradetool_middleware/callcard-components/src/main/java/com/saicon/games/callcard/components/impl/CallCardManagement.java:[3230,47] cannot find symbol
[ERROR]   symbol:   method getQuantity()
[ERROR]   location: variable detail of type java.lang.Object
[ERROR] /C:/Users/dimit/tradetool_middleware/callcard-components/src/main/java/com/saicon/games/callcard/components/impl/CallCardManagement.java:[3231,47] cannot find symbol
[ERROR]   symbol:   method getDateCreated()
[ERROR]   location: variable detail of type java.lang.Object
[ERROR] /C:/Users/dimit/tradetool_middleware/callcard-components/src/main/java/com/saicon/games/callcard/components/impl/CallCardManagement.java:[3234,47] cannot find symbol
[ERROR]   symbol:   method getItemPrice()
[ERROR]   location: variable detail of type java.lang.Object
[ERROR] /C:/Users/dimit/tradetool_middleware/callcard-components/src/main/java/com/saicon/games/callcard/components/impl/CallCardManagement.java:[3234,94] cannot find symbol
[ERROR]   symbol:   method getItemPrice()
[ERROR]   location: variable detail of type java.lang.Object
[ERROR] /C:/Users/dimit/tradetool_middleware/callcard-components/src/main/java/com/saicon/games/callcard/components/impl/CallCardManagement.java:[3237,64] cannot find symbol
[ERROR]   symbol:   method getItemId()
[ERROR]   location: variable detail of type java.lang.Object
[ERROR] /C:/Users/dimit/tradetool_middleware/callcard-components/src/main/java/com/saicon/games/callcard/components/impl/CallCardManagement.java:[3262,97] incompatible types: java.util.List<java.lang.Object[]> cannot be converted to java.util.Map<java.lang.String,java.util.List<com.saicon.games.callcard.entity.CallCardRefUserIndex>>
[ERROR] /C:/Users/dimit/tradetool_middleware/callcard-components/src/main/java/com/saicon/games/callcard/components/impl/CallCardManagement.java:[3266,49] cannot find symbol
[ERROR]   symbol:   method listInvoiceDetailsSummaries(java.lang.String,java.util.List<java.lang.String>,java.lang.Integer,java.util.List<java.lang.Integer>)
[ERROR]   location: variable erpNativeQueryManager of type com.saicon.games.callcard.components.ErpNativeQueryManager
[ERROR] /C:/Users/dimit/tradetool_middleware/callcard-components/src/main/java/com/saicon/games/callcard/components/impl/CallCardManagement.java:[3283,62] cannot find symbol
[ERROR]   symbol:   method getItemTypeId()
[ERROR]   location: variable invoiceDetails of type java.lang.Object
[ERROR] /C:/Users/dimit/tradetool_middleware/callcard-components/src/main/java/com/saicon/games/callcard/components/impl/CallCardManagement.java:[3284,58] cannot find symbol
[ERROR]   symbol:   method getItemId()
[ERROR]   location: variable invoiceDetails of type java.lang.Object
[ERROR] /C:/Users/dimit/tradetool_middleware/callcard-components/src/main/java/com/saicon/games/callcard/components/impl/CallCardManagement.java:[3286,80] cannot find symbol
[ERROR]   symbol:   method getQuantity()
[ERROR]   location: variable invoiceDetails of type java.lang.Object
[ERROR] /C:/Users/dimit/tradetool_middleware/callcard-components/src/main/java/com/saicon/games/callcard/components/impl/CallCardManagement.java:[3562,15] cannot find symbol
[ERROR]   symbol:   method isValidUUID(java.lang.String,java.lang.String)
[ERROR]   location: class com.saicon.games.callcard.util.Assert
[ERROR] /C:/Users/dimit/tradetool_middleware/callcard-components/src/main/java/com/saicon/games/callcard/components/impl/CallCardManagement.java:[3628,15] cannot find symbol
[ERROR]   symbol:   method isValidUUID(java.lang.String,java.lang.String)
[ERROR]   location: class com.saicon.games.callcard.util.Assert
[ERROR] /C:/Users/dimit/tradetool_middleware/callcard-components/src/main/java/com/saicon/games/callcard/components/impl/CallCardManagement.java:[3630,15] cannot find symbol
[ERROR]   symbol:   method isValidUUID(java.lang.String,java.lang.String)
[ERROR]   location: class com.saicon.games.callcard.util.Assert
[ERROR] /C:/Users/dimit/tradetool_middleware/callcard-components/src/main/java/com/saicon/games/callcard/components/impl/CallCardManagement.java:[3711,15] cannot find symbol
[ERROR]   symbol:   method isValidUUID(java.lang.String,java.lang.String)
[ERROR]   location: class com.saicon.games.callcard.util.Assert
[ERROR] /C:/Users/dimit/tradetool_middleware/callcard-components/src/main/java/com/saicon/games/callcard/components/impl/CallCardManagement.java:[3713,15] cannot find symbol
[ERROR]   symbol:   method isValidUUID(java.lang.String,java.lang.String)
[ERROR]   location: class com.saicon.games.callcard.util.Assert
[ERROR] /C:/Users/dimit/tradetool_middleware/callcard-components/src/main/java/com/saicon/games/callcard/components/impl/CallCardManagement.java:[3815,15] cannot find symbol
[ERROR]   symbol:   method isValidUUID(java.lang.String,java.lang.String)
[ERROR]   location: class com.saicon.games.callcard.util.Assert
[ERROR] /C:/Users/dimit/tradetool_middleware/callcard-components/src/main/java/com/saicon/games/callcard/components/impl/CallCardManagement.java:[3890,15] cannot find symbol
[ERROR]   symbol:   method isValidUUID(java.lang.String,java.lang.String)
[ERROR]   location: class com.saicon.games.callcard.util.Assert
[ERROR] /C:/Users/dimit/tradetool_middleware/callcard-components/src/main/java/com/saicon/games/callcard/components/impl/CallCardManagement.java:[3912,45] incompatible types: java.lang.Object[] cannot be converted to java.lang.Number
[ERROR] /C:/Users/dimit/tradetool_middleware/callcard-components/src/main/java/com/saicon/games/callcard/components/impl/CallCardManagement.java:[3927,15] cannot find symbol
[ERROR]   symbol:   method isValidUUID(java.lang.String,java.lang.String)
[ERROR]   location: class com.saicon.games.callcard.util.Assert
[ERROR] /C:/Users/dimit/tradetool_middleware/callcard-components/src/main/java/com/saicon/games/callcard/components/impl/CallCardManagement.java:[4000,15] cannot find symbol
[ERROR]   symbol:   method isValidUUID(java.lang.String,java.lang.String)
[ERROR]   location: class com.saicon.games.callcard.util.Assert
[ERROR] /C:/Users/dimit/tradetool_middleware/callcard-components/src/main/java/com/saicon/games/callcard/components/MultiTenantQueryFilter.java:[113,35] cannot find symbol
[ERROR]   symbol:   method getParameter(java.lang.String)
[ERROR]   location: variable filter of type org.hibernate.Filter
[ERROR] -> [Help 1]
[ERROR] 
[ERROR] To see the full stack trace of the errors, re-run Maven with the -e switch.
[ERROR] Re-run Maven using the -X switch to enable full debug logging.
[ERROR] 
[ERROR] For more information about the errors and possible solutions, please read the following articles:
[ERROR] [Help 1] http://cwiki.apache.org/confluence/display/MAVEN/MojoFailureException
