[INFO] Scanning for projects...
[INFO] ------------------------------------------------------------------------
[INFO] Reactor Build Order:
[INFO] 
[INFO] CallCard Microservice Parent                                       [pom]
[INFO] CallCard Entity Layer                                              [jar]
[INFO] CallCard WS API Layer                                              [jar]
[INFO] CallCard Components Layer                                          [jar]
[INFO] 
[INFO] ---------------< com.saicon.games:tradetool_middleware >----------------
[INFO] Building CallCard Microservice Parent 1.0.0-SNAPSHOT               [1/4]
[INFO]   from pom.xml
[INFO] --------------------------------[ pom ]---------------------------------
[INFO] 
[INFO] --- clean:3.2.0:clean (default-clean) @ tradetool_middleware ---
[INFO] 
[INFO] ------------------< com.saicon.games:callcard-entity >------------------
[INFO] Building CallCard Entity Layer 1.0.0-SNAPSHOT                      [2/4]
[INFO]   from callcard-entity\pom.xml
[INFO] --------------------------------[ jar ]---------------------------------
[INFO] 
[INFO] --- clean:3.2.0:clean (default-clean) @ callcard-entity ---
[INFO] Deleting C:\Users\dimit\tradetool_middleware\callcard-entity\target
[INFO] 
[INFO] --- resources:3.2.0:resources (default-resources) @ callcard-entity ---
[INFO] Using 'UTF-8' encoding to copy filtered resources.
[INFO] Using 'UTF-8' encoding to copy filtered properties files.
[INFO] Copying 0 resource
[INFO] Copying 1 resource
[INFO] 
[INFO] --- compiler:3.10.1:compile (default-compile) @ callcard-entity ---
[INFO] Changes detected - recompiling the module!
[INFO] Compiling 24 source files to C:\Users\dimit\tradetool_middleware\callcard-entity\target\classes
[INFO] /C:/Users/dimit/tradetool_middleware/callcard-entity/src/main/java/com/saicon/games/callcard/entity/CallCardTransaction.java: C:\Users\dimit\tradetool_middleware\callcard-entity\src\main\java\com\saicon\games\callcard\entity\CallCardTransaction.java uses or overrides a deprecated API.
[INFO] /C:/Users/dimit/tradetool_middleware/callcard-entity/src/main/java/com/saicon/games/callcard/entity/CallCardTransaction.java: Recompile with -Xlint:deprecation for details.
[INFO] 
[INFO] ------------------< com.saicon.games:callcard-ws-api >------------------
[INFO] Building CallCard WS API Layer 1.0.0-SNAPSHOT                      [3/4]
[INFO]   from callcard-ws-api\pom.xml
[INFO] --------------------------------[ jar ]---------------------------------
[INFO] 
[INFO] --- clean:3.2.0:clean (default-clean) @ callcard-ws-api ---
[INFO] Deleting C:\Users\dimit\tradetool_middleware\callcard-ws-api\target
[INFO] 
[INFO] --- resources:3.2.0:resources (default-resources) @ callcard-ws-api ---
[INFO] Using 'UTF-8' encoding to copy filtered resources.
[INFO] Using 'UTF-8' encoding to copy filtered properties files.
[INFO] skip non existing resourceDirectory C:\Users\dimit\tradetool_middleware\callcard-ws-api\src\main\resources
[INFO] skip non existing resourceDirectory C:\Users\dimit\tradetool_middleware\callcard-ws-api\src\main\resources
[INFO] 
[INFO] --- compiler:3.10.1:compile (default-compile) @ callcard-ws-api ---
[INFO] Changes detected - recompiling the module!
[INFO] Compiling 66 source files to C:\Users\dimit\tradetool_middleware\callcard-ws-api\target\classes
[INFO] 
[INFO] ----------------< com.saicon.games:callcard-components >----------------
[INFO] Building CallCard Components Layer 1.0.0-SNAPSHOT                  [4/4]
[INFO]   from callcard-components\pom.xml
[INFO] --------------------------------[ jar ]---------------------------------
[INFO] 
[INFO] --- clean:3.2.0:clean (default-clean) @ callcard-components ---
[INFO] Deleting C:\Users\dimit\tradetool_middleware\callcard-components\target
[INFO] 
[INFO] --- resources:3.2.0:resources (default-resources) @ callcard-components ---
[INFO] Using 'UTF-8' encoding to copy filtered resources.
[INFO] Using 'UTF-8' encoding to copy filtered properties files.
[INFO] skip non existing resourceDirectory C:\Users\dimit\tradetool_middleware\callcard-components\src\main\resources
[INFO] skip non existing resourceDirectory C:\Users\dimit\tradetool_middleware\callcard-components\src\main\resources
[INFO] 
[INFO] --- compiler:3.10.1:compile (default-compile) @ callcard-components ---
[INFO] Changes detected - recompiling the module!
[INFO] Compiling 27 source files to C:\Users\dimit\tradetool_middleware\callcard-components\target\classes
[INFO] /C:/Users/dimit/tradetool_middleware/callcard-components/src/main/java/com/saicon/games/callcard/components/ErpDynamicQueryManager.java: C:\Users\dimit\tradetool_middleware\callcard-components\src\main\java\com\saicon\games\callcard\components\ErpDynamicQueryManager.java uses or overrides a deprecated API.
[INFO] /C:/Users/dimit/tradetool_middleware/callcard-components/src/main/java/com/saicon/games/callcard/components/ErpDynamicQueryManager.java: Recompile with -Xlint:deprecation for details.
[INFO] Some messages have been simplified; recompile with -Xdiags:verbose to get full output
[INFO] -------------------------------------------------------------
[ERROR] COMPILATION ERROR : 
[INFO] -------------------------------------------------------------
[ERROR] /C:/Users/dimit/tradetool_middleware/callcard-components/src/main/java/com/saicon/games/callcard/components/ErpDynamicQueryManager.java:[433,27] method listCallCardTemplates(java.lang.String,java.lang.String,java.util.List<java.lang.String>,boolean,java.lang.Boolean,java.lang.String,int,int) is already defined in class com.saicon.games.callcard.components.ErpDynamicQueryManager
[ERROR] /C:/Users/dimit/tradetool_middleware/callcard-components/src/main/java/com/saicon/games/callcard/components/impl/CallCardManagement.java:[135,72] incompatible types: java.util.List<java.lang.Object[]> cannot be converted to java.util.List<com.saicon.games.callcard.entity.CallCard>
[ERROR] /C:/Users/dimit/tradetool_middleware/callcard-components/src/main/java/com/saicon/games/callcard/components/impl/CallCardManagement.java:[167,83] int cannot be dereferenced
[ERROR] /C:/Users/dimit/tradetool_middleware/callcard-components/src/main/java/com/saicon/games/callcard/components/impl/CallCardManagement.java:[169,41] cannot find symbol
  symbol:   method toInt()
  location: variable eventType of type com.saicon.games.callcard.util.EventType
[ERROR] /C:/Users/dimit/tradetool_middleware/callcard-components/src/main/java/com/saicon/games/callcard/components/impl/CallCardManagement.java:[170,44] incompatible types: com.saicon.games.callcard.util.EventTO cannot be converted to com.saicon.games.callcard.ws.dto.EventTO
[ERROR] /C:/Users/dimit/tradetool_middleware/callcard-components/src/main/java/com/saicon/games/callcard/components/impl/CallCardManagement.java:[177,84] incompatible types: java.util.Map<java.lang.String,java.util.Map<java.lang.String,java.lang.String>> cannot be converted to java.util.List<com.saicon.games.metadata.dto.MetadataDTO>
[ERROR] /C:/Users/dimit/tradetool_middleware/callcard-components/src/main/java/com/saicon/games/callcard/components/impl/CallCardManagement.java:[188,38] method listCallCardTemplates in class com.saicon.games.callcard.components.ErpDynamicQueryManager cannot be applied to given types;
  required: java.lang.String,java.lang.String,java.util.List<java.lang.String>,boolean,java.lang.Boolean,java.lang.String,int,int
  found:    java.lang.String,java.lang.String,callCardTe[...] null,java.util.List<com.saicon.multiplayer.dto.KeyValueDTO>,boolean,boolean,<nulltype>,int,int
  reason: actual and formal argument lists differ in length
[ERROR] /C:/Users/dimit/tradetool_middleware/callcard-components/src/main/java/com/saicon/games/callcard/components/impl/CallCardManagement.java:[200,125] cannot find symbol
  symbol:   variable GAME_TYPE
  location: class com.saicon.games.callcard.util.ScopeType
[ERROR] /C:/Users/dimit/tradetool_middleware/callcard-components/src/main/java/com/saicon/games/callcard/components/impl/CallCardManagement.java:[204,35] cannot find symbol
  symbol:   variable APP_SETTING_KEY_PREVIOUS_VISITS_SUMMARY
  location: class com.saicon.games.callcard.util.Constants
[ERROR] /C:/Users/dimit/tradetool_middleware/callcard-components/src/main/java/com/saicon/games/callcard/components/impl/CallCardManagement.java:[211,35] cannot find symbol
  symbol:   variable APP_SETTING_KEY_INCLUDE_VISITS_GEO_INFO
  location: class com.saicon.games.callcard.util.Constants
[ERROR] /C:/Users/dimit/tradetool_middleware/callcard-components/src/main/java/com/saicon/games/callcard/components/impl/CallCardManagement.java:[214,35] cannot find symbol
  symbol:   variable APP_SETTING_KEY_PRODUCT_TYPE_CATEGORIES
  location: class com.saicon.games.callcard.util.Constants
[ERROR] /C:/Users/dimit/tradetool_middleware/callcard-components/src/main/java/com/saicon/games/callcard/components/impl/CallCardManagement.java:[237,92] incompatible types: java.util.List<java.lang.String> cannot be converted to java.util.List<com.saicon.games.metadata.dto.MetadataKeyDTO>
[ERROR] /C:/Users/dimit/tradetool_middleware/callcard-components/src/main/java/com/saicon/games/callcard/components/impl/CallCardManagement.java:[271,31] cannot find symbol
  symbol:   variable BY_ORDERING_ASC
  location: class com.saicon.games.callcard.util.SortOrderTypes
[ERROR] /C:/Users/dimit/tradetool_middleware/callcard-components/src/main/java/com/saicon/games/callcard/components/impl/CallCardManagement.java:[278,47] no suitable constructor found for ArrayList(java.util.List<java.util.List<java.lang.String>>)
    constructor java.util.ArrayList.ArrayList(int) is not applicable
      (argument mismatch; no instance(s) of type variable(s) T exist so that java.util.List<T> conforms to int)
    constructor java.util.ArrayList.ArrayList(java.util.Collection<? extends java.lang.String>) is not applicable
      (argument mismatch; inference variable T has incompatible bounds
          upper bounds: java.lang.String,java.lang.Object
          lower bounds: java.util.List<java.lang.String>)
[ERROR] /C:/Users/dimit/tradetool_middleware/callcard-components/src/main/java/com/saicon/games/callcard/components/impl/CallCardManagement.java:[292,82] method listCallCardTemplates in class com.saicon.games.callcard.components.ErpDynamicQueryManager cannot be applied to given types;
  required: java.lang.String,java.lang.String,java.util.List<java.lang.String>,boolean,java.lang.Boolean,java.lang.String,int,int
  found:    java.lang.String,java.lang.String,<nulltype>,<nulltype>,boolean,boolean,java.lang.String,int,int
  reason: actual and formal argument lists differ in length
[ERROR] /C:/Users/dimit/tradetool_middleware/callcard-components/src/main/java/com/saicon/games/callcard/components/impl/CallCardManagement.java:[517,125] cannot find symbol
  symbol:   variable GAME_TYPE
  location: class com.saicon.games.callcard.util.ScopeType
[ERROR] /C:/Users/dimit/tradetool_middleware/callcard-components/src/main/java/com/saicon/games/callcard/components/impl/CallCardManagement.java:[521,35] cannot find symbol
  symbol:   variable APP_SETTING_KEY_PREVIOUS_VISITS_SUMMARY
  location: class com.saicon.games.callcard.util.Constants
[ERROR] /C:/Users/dimit/tradetool_middleware/callcard-components/src/main/java/com/saicon/games/callcard/components/impl/CallCardManagement.java:[528,35] cannot find symbol
  symbol:   variable APP_SETTING_KEY_INCLUDE_VISITS_GEO_INFO
  location: class com.saicon.games.callcard.util.Constants
[ERROR] /C:/Users/dimit/tradetool_middleware/callcard-components/src/main/java/com/saicon/games/callcard/components/impl/CallCardManagement.java:[531,35] cannot find symbol
  symbol:   variable APP_SETTING_KEY_PRODUCT_TYPE_CATEGORIES
  location: class com.saicon.games.callcard.util.Constants
[ERROR] /C:/Users/dimit/tradetool_middleware/callcard-components/src/main/java/com/saicon/games/callcard/components/impl/CallCardManagement.java:[554,92] incompatible types: java.util.List<java.lang.String> cannot be converted to java.util.List<com.saicon.games.metadata.dto.MetadataKeyDTO>
[ERROR] /C:/Users/dimit/tradetool_middleware/callcard-components/src/main/java/com/saicon/games/callcard/components/impl/CallCardManagement.java:[588,31] cannot find symbol
  symbol:   variable BY_ORDERING_ASC
  location: class com.saicon.games.callcard.util.SortOrderTypes
[ERROR] /C:/Users/dimit/tradetool_middleware/callcard-components/src/main/java/com/saicon/games/callcard/components/impl/CallCardManagement.java:[595,47] no suitable constructor found for ArrayList(java.util.List<java.util.List<java.lang.String>>)
    constructor java.util.ArrayList.ArrayList(int) is not applicable
      (argument mismatch; no instance(s) of type variable(s) T exist so that java.util.List<T> conforms to int)
    constructor java.util.ArrayList.ArrayList(java.util.Collection<? extends java.lang.String>) is not applicable
      (argument mismatch; inference variable T has incompatible bounds
          upper bounds: java.lang.String,java.lang.Object
          lower bounds: java.util.List<java.lang.String>)
[ERROR] /C:/Users/dimit/tradetool_middleware/callcard-components/src/main/java/com/saicon/games/callcard/components/impl/CallCardManagement.java:[803,32] cannot find symbol
  symbol:   variable CALL_CARD_DOWNLOADED
  location: class com.saicon.games.callcard.util.EventType
[ERROR] /C:/Users/dimit/tradetool_middleware/callcard-components/src/main/java/com/saicon/games/callcard/components/impl/CallCardManagement.java:[1320,125] cannot find symbol
  symbol:   variable GAME_TYPE
  location: class com.saicon.games.callcard.util.ScopeType
[ERROR] /C:/Users/dimit/tradetool_middleware/callcard-components/src/main/java/com/saicon/games/callcard/components/impl/CallCardManagement.java:[1324,35] cannot find symbol
  symbol:   variable APP_SETTING_KEY_PREVIOUS_VISITS_SUMMARY
  location: class com.saicon.games.callcard.util.Constants
[ERROR] /C:/Users/dimit/tradetool_middleware/callcard-components/src/main/java/com/saicon/games/callcard/components/impl/CallCardManagement.java:[1331,35] cannot find symbol
  symbol:   variable APP_SETTING_KEY_INCLUDE_VISITS_GEO_INFO
  location: class com.saicon.games.callcard.util.Constants
[ERROR] /C:/Users/dimit/tradetool_middleware/callcard-components/src/main/java/com/saicon/games/callcard/components/impl/CallCardManagement.java:[1334,35] cannot find symbol
  symbol:   variable APP_SETTING_KEY_PRODUCT_TYPE_CATEGORIES
  location: class com.saicon.games.callcard.util.Constants
[ERROR] /C:/Users/dimit/tradetool_middleware/callcard-components/src/main/java/com/saicon/games/callcard/components/impl/CallCardManagement.java:[1357,92] incompatible types: java.util.List<java.lang.String> cannot be converted to java.util.List<com.saicon.games.metadata.dto.MetadataKeyDTO>
[ERROR] /C:/Users/dimit/tradetool_middleware/callcard-components/src/main/java/com/saicon/games/callcard/components/impl/CallCardManagement.java:[1391,31] cannot find symbol
  symbol:   variable BY_ORDERING_ASC
  location: class com.saicon.games.callcard.util.SortOrderTypes
[ERROR] /C:/Users/dimit/tradetool_middleware/callcard-components/src/main/java/com/saicon/games/callcard/components/impl/CallCardManagement.java:[1398,47] no suitable constructor found for ArrayList(java.util.List<java.util.List<java.lang.String>>)
    constructor java.util.ArrayList.ArrayList(int) is not applicable
      (argument mismatch; no instance(s) of type variable(s) T exist so that java.util.List<T> conforms to int)
    constructor java.util.ArrayList.ArrayList(java.util.Collection<? extends java.lang.String>) is not applicable
      (argument mismatch; inference variable T has incompatible bounds
          upper bounds: java.lang.String,java.lang.Object
          lower bounds: java.util.List<java.lang.String>)
[ERROR] /C:/Users/dimit/tradetool_middleware/callcard-components/src/main/java/com/saicon/games/callcard/components/impl/CallCardManagement.java:[1600,62] incompatible types: no instance(s) of type variable(s) T exist so that java.util.List<T> conforms to java.lang.String
[ERROR] /C:/Users/dimit/tradetool_middleware/callcard-components/src/main/java/com/saicon/games/callcard/components/impl/CallCardManagement.java:[1629,32] cannot find symbol
  symbol:   variable CALL_CARD_DOWNLOADED
  location: class com.saicon.games.callcard.util.EventType
[ERROR] /C:/Users/dimit/tradetool_middleware/callcard-components/src/main/java/com/saicon/games/callcard/components/impl/CallCardManagement.java:[2177,110] incompatible types: java.util.Date cannot be converted to int
[ERROR] /C:/Users/dimit/tradetool_middleware/callcard-components/src/main/java/com/saicon/games/callcard/components/impl/CallCardManagement.java:[2216,138] incompatible types: java.util.Date cannot be converted to int
[ERROR] /C:/Users/dimit/tradetool_middleware/callcard-components/src/main/java/com/saicon/games/callcard/components/impl/CallCardManagement.java:[2237,126] incompatible types: java.math.BigDecimal cannot be converted to double
[ERROR] /C:/Users/dimit/tradetool_middleware/callcard-components/src/main/java/com/saicon/games/callcard/components/impl/CallCardManagement.java:[2310,47] cannot find symbol
  symbol:   method getDateCreated()
  location: variable salesOrder of type java.lang.Object
[ERROR] /C:/Users/dimit/tradetool_middleware/callcard-components/src/main/java/com/saicon/games/callcard/components/impl/CallCardManagement.java:[2560,38] incompatible types: bad type in conditional expression
    no instance(s) of type variable(s) T exist so that java.util.List<T> conforms to java.lang.String[]
[ERROR] /C:/Users/dimit/tradetool_middleware/callcard-components/src/main/java/com/saicon/games/callcard/components/impl/CallCardManagement.java:[2587,15] cannot find symbol
  symbol:   method isValidUUID(java.lang.String,java.lang.String)
  location: class com.saicon.games.callcard.util.Assert
[ERROR] /C:/Users/dimit/tradetool_middleware/callcard-components/src/main/java/com/saicon/games/callcard/components/impl/CallCardManagement.java:[2659,53] incompatible types: possible lossy conversion from long to int
[ERROR] /C:/Users/dimit/tradetool_middleware/callcard-components/src/main/java/com/saicon/games/callcard/components/impl/CallCardManagement.java:[2770,31] cannot find symbol
  symbol:   variable PMI_EGYPT_GAME_TYPE_ID
  location: class com.saicon.games.callcard.util.Constants
[ERROR] /C:/Users/dimit/tradetool_middleware/callcard-components/src/main/java/com/saicon/games/callcard/components/impl/CallCardManagement.java:[2771,31] cannot find symbol
  symbol:   variable PMI_SENEGAL_GAME_TYPE_ID
  location: class com.saicon.games.callcard.util.Constants
[ERROR] /C:/Users/dimit/tradetool_middleware/callcard-components/src/main/java/com/saicon/games/callcard/components/impl/CallCardManagement.java:[2775,31] cannot find symbol
  symbol:   variable PMI_IRAQ_GAME_TYPE_ID
  location: class com.saicon.games.callcard.util.Constants
[ERROR] /C:/Users/dimit/tradetool_middleware/callcard-components/src/main/java/com/saicon/games/callcard/components/impl/CallCardManagement.java:[2795,27] cannot find symbol
  symbol:   variable PMI_EGYPT_GAME_TYPE_ID
  location: class com.saicon.games.callcard.util.Constants
[ERROR] /C:/Users/dimit/tradetool_middleware/callcard-components/src/main/java/com/saicon/games/callcard/components/impl/CallCardManagement.java:[2796,27] cannot find symbol
  symbol:   variable PMI_SENEGAL_GAME_TYPE_ID
  location: class com.saicon.games.callcard.util.Constants
[ERROR] /C:/Users/dimit/tradetool_middleware/callcard-components/src/main/java/com/saicon/games/callcard/components/impl/CallCardManagement.java:[2800,27] cannot find symbol
  symbol:   variable PMI_IRAQ_GAME_TYPE_ID
  location: class com.saicon.games.callcard.util.Constants
[ERROR] /C:/Users/dimit/tradetool_middleware/callcard-components/src/main/java/com/saicon/games/callcard/components/impl/CallCardManagement.java:[2804,80] incompatible types: java.util.Map<java.lang.String,java.util.Map<java.lang.String,java.lang.String>> cannot be converted to java.util.List<com.saicon.games.metadata.dto.MetadataDTO>
[ERROR] /C:/Users/dimit/tradetool_middleware/callcard-components/src/main/java/com/saicon/games/callcard/components/impl/CallCardManagement.java:[2815,66] method listCallCardTemplates in class com.saicon.games.callcard.components.ErpDynamicQueryManager cannot be applied to given types;
  required: java.lang.String,java.lang.String,java.util.List<java.lang.String>,boolean,java.lang.Boolean,java.lang.String,int,int
  found:    java.lang.String,java.lang.String,<nulltype>,java.util.List<com.saicon.multiplayer.dto.KeyValueDTO>,boolean,boolean,<nulltype>,int,int
  reason: actual and formal argument lists differ in length
[ERROR] /C:/Users/dimit/tradetool_middleware/callcard-components/src/main/java/com/saicon/games/callcard/components/impl/CallCardManagement.java:[2825,74] method listCallCardTemplates in class com.saicon.games.callcard.components.ErpDynamicQueryManager cannot be applied to given types;
  required: java.lang.String,java.lang.String,java.util.List<java.lang.String>,boolean,java.lang.Boolean,java.lang.String,int,int
  found:    java.lang.String,java.lang.String,<nulltype>,<nulltype>,boolean,boolean,java.lang.String,int,int
  reason: actual and formal argument lists differ in length
[ERROR] /C:/Users/dimit/tradetool_middleware/callcard-components/src/main/java/com/saicon/games/callcard/components/impl/CallCardManagement.java:[3090,73] incompatible types: java.lang.Object cannot be converted to java.util.List<com.saicon.games.entities.shared.UserAddressbook>
[ERROR] /C:/Users/dimit/tradetool_middleware/callcard-components/src/main/java/com/saicon/games/callcard/components/impl/CallCardManagement.java:[3096,84] incompatible types: java.util.Map<java.lang.String,java.util.Map<java.lang.String,java.lang.String>> cannot be converted to java.util.List<com.saicon.games.metadata.dto.MetadataDTO>
[ERROR] /C:/Users/dimit/tradetool_middleware/callcard-components/src/main/java/com/saicon/games/callcard/components/impl/CallCardManagement.java:[3135,48] incompatible types: java.lang.String cannot be converted to int
[ERROR] /C:/Users/dimit/tradetool_middleware/callcard-components/src/main/java/com/saicon/games/callcard/components/impl/CallCardManagement.java:[3138,58] incompatible types: java.lang.String cannot be converted to com.saicon.games.entities.shared.State
[ERROR] /C:/Users/dimit/tradetool_middleware/callcard-components/src/main/java/com/saicon/games/callcard/components/impl/CallCardManagement.java:[3139,55] incompatible types: java.lang.String cannot be converted to int
[ERROR] /C:/Users/dimit/tradetool_middleware/callcard-components/src/main/java/com/saicon/games/callcard/components/impl/CallCardManagement.java:[3140,92] cannot find symbol
  symbol:   method getId()
  location: class java.lang.String
[ERROR] /C:/Users/dimit/tradetool_middleware/callcard-components/src/main/java/com/saicon/games/callcard/components/impl/CallCardManagement.java:[3146,86] incompatible types: java.lang.Object cannot be converted to com.saicon.games.entities.shared.Addressbook
[ERROR] /C:/Users/dimit/tradetool_middleware/callcard-components/src/main/java/com/saicon/games/callcard/components/impl/CallCardManagement.java:[3171,81] cannot find symbol
  symbol:   method size()
  location: class java.lang.Object
[ERROR] /C:/Users/dimit/tradetool_middleware/callcard-components/src/main/java/com/saicon/games/callcard/components/impl/CallCardManagement.java:[3172,67] cannot find symbol
  symbol:   method get(int)
  location: class java.lang.Object
[ERROR] /C:/Users/dimit/tradetool_middleware/callcard-components/src/main/java/com/saicon/games/callcard/components/impl/CallCardManagement.java:[3196,14] cannot find symbol
  symbol:   class SalesOrder
  location: class com.saicon.games.callcard.components.impl.CallCardManagement
[ERROR] /C:/Users/dimit/tradetool_middleware/callcard-components/src/main/java/com/saicon/games/callcard/components/impl/CallCardManagement.java:[3200,22] cannot find symbol
  symbol:   class SalesOrder
  location: class com.saicon.games.callcard.components.impl.CallCardManagement
[ERROR] /C:/Users/dimit/tradetool_middleware/callcard-components/src/main/java/com/saicon/games/callcard/components/impl/CallCardManagement.java:[3205,30] cannot find symbol
  symbol:   class SalesOrderDetails
  location: class com.saicon.games.callcard.components.impl.CallCardManagement
[ERROR] /C:/Users/dimit/tradetool_middleware/callcard-components/src/main/java/com/saicon/games/callcard/components/impl/CallCardManagement.java:[3206,30] cannot find symbol
  symbol:   class SalesOrderDetails
  location: class com.saicon.games.callcard.components.impl.CallCardManagement
[ERROR] /C:/Users/dimit/tradetool_middleware/callcard-components/src/main/java/com/saicon/games/callcard/components/impl/CallCardManagement.java:[3254,26] cannot find symbol
  symbol:   class InvoiceDetails
  location: class com.saicon.games.callcard.components.impl.CallCardManagement
[ERROR] /C:/Users/dimit/tradetool_middleware/callcard-components/src/main/java/com/saicon/games/callcard/components/impl/CallCardManagement.java:[3259,97] incompatible types: java.util.List<java.lang.Object[]> cannot be converted to java.util.Map<java.lang.String,java.util.List<com.saicon.games.callcard.entity.CallCardRefUserIndex>>
[ERROR] /C:/Users/dimit/tradetool_middleware/callcard-components/src/main/java/com/saicon/games/callcard/components/impl/CallCardManagement.java:[3263,143] cannot find symbol
  symbol:   variable InvoiceDTO
  location: class com.saicon.games.callcard.components.impl.CallCardManagement
[ERROR] /C:/Users/dimit/tradetool_middleware/callcard-components/src/main/java/com/saicon/games/callcard/components/impl/CallCardManagement.java:[3272,18] cannot find symbol
  symbol:   class InvoiceDetails
  location: class com.saicon.games.callcard.components.impl.CallCardManagement
[ERROR] /C:/Users/dimit/tradetool_middleware/callcard-components/src/main/java/com/saicon/games/callcard/components/impl/CallCardManagement.java:[3275,22] cannot find symbol
  symbol:   class InvoiceDetails
  location: class com.saicon.games.callcard.components.impl.CallCardManagement
[ERROR] /C:/Users/dimit/tradetool_middleware/callcard-components/src/main/java/com/saicon/games/callcard/components/impl/CallCardManagement.java:[3559,15] cannot find symbol
  symbol:   method isValidUUID(java.lang.String,java.lang.String)
  location: class com.saicon.games.callcard.util.Assert
[ERROR] /C:/Users/dimit/tradetool_middleware/callcard-components/src/main/java/com/saicon/games/callcard/components/impl/CallCardManagement.java:[3625,15] cannot find symbol
  symbol:   method isValidUUID(java.lang.String,java.lang.String)
  location: class com.saicon.games.callcard.util.Assert
[ERROR] /C:/Users/dimit/tradetool_middleware/callcard-components/src/main/java/com/saicon/games/callcard/components/impl/CallCardManagement.java:[3627,15] cannot find symbol
  symbol:   method isValidUUID(java.lang.String,java.lang.String)
  location: class com.saicon.games.callcard.util.Assert
[ERROR] /C:/Users/dimit/tradetool_middleware/callcard-components/src/main/java/com/saicon/games/callcard/components/impl/CallCardManagement.java:[3708,15] cannot find symbol
  symbol:   method isValidUUID(java.lang.String,java.lang.String)
  location: class com.saicon.games.callcard.util.Assert
[ERROR] /C:/Users/dimit/tradetool_middleware/callcard-components/src/main/java/com/saicon/games/callcard/components/impl/CallCardManagement.java:[3710,15] cannot find symbol
  symbol:   method isValidUUID(java.lang.String,java.lang.String)
  location: class com.saicon.games.callcard.util.Assert
[ERROR] /C:/Users/dimit/tradetool_middleware/callcard-components/src/main/java/com/saicon/games/callcard/components/impl/CallCardManagement.java:[3812,15] cannot find symbol
  symbol:   method isValidUUID(java.lang.String,java.lang.String)
  location: class com.saicon.games.callcard.util.Assert
[ERROR] /C:/Users/dimit/tradetool_middleware/callcard-components/src/main/java/com/saicon/games/callcard/components/impl/CallCardManagement.java:[3887,15] cannot find symbol
  symbol:   method isValidUUID(java.lang.String,java.lang.String)
  location: class com.saicon.games.callcard.util.Assert
[ERROR] /C:/Users/dimit/tradetool_middleware/callcard-components/src/main/java/com/saicon/games/callcard/components/impl/CallCardManagement.java:[3909,45] incompatible types: java.lang.Object[] cannot be converted to java.lang.Number
[ERROR] /C:/Users/dimit/tradetool_middleware/callcard-components/src/main/java/com/saicon/games/callcard/components/impl/CallCardManagement.java:[3924,15] cannot find symbol
  symbol:   method isValidUUID(java.lang.String,java.lang.String)
  location: class com.saicon.games.callcard.util.Assert
[ERROR] /C:/Users/dimit/tradetool_middleware/callcard-components/src/main/java/com/saicon/games/callcard/components/impl/CallCardManagement.java:[3997,15] cannot find symbol
  symbol:   method isValidUUID(java.lang.String,java.lang.String)
  location: class com.saicon.games.callcard.util.Assert
[ERROR] /C:/Users/dimit/tradetool_middleware/callcard-components/src/main/java/com/saicon/games/callcard/components/MultiTenantQueryFilter.java:[113,35] cannot find symbol
  symbol:   method getParameter(java.lang.String)
  location: variable filter of type org.hibernate.Filter
[INFO] 77 errors 
[INFO] -------------------------------------------------------------
[INFO] ------------------------------------------------------------------------
[INFO] Reactor Summary for CallCard Microservice Parent 1.0.0-SNAPSHOT:
[INFO] 
[INFO] CallCard Microservice Parent ....................... SUCCESS [  0.275 s]
[INFO] CallCard Entity Layer .............................. SUCCESS [  4.625 s]
[INFO] CallCard WS API Layer .............................. SUCCESS [  3.300 s]
[INFO] CallCard Components Layer .......................... FAILURE [  2.970 s]
[INFO] ------------------------------------------------------------------------
[INFO] BUILD FAILURE
[INFO] ------------------------------------------------------------------------
[INFO] Total time:  11.822 s
[INFO] Finished at: 2025-12-21T14:24:22+02:00
[INFO] ------------------------------------------------------------------------
[ERROR] Failed to execute goal org.apache.maven.plugins:maven-compiler-plugin:3.10.1:compile (default-compile) on project callcard-components: Compilation failure: Compilation failure: 
[ERROR] /C:/Users/dimit/tradetool_middleware/callcard-components/src/main/java/com/saicon/games/callcard/components/ErpDynamicQueryManager.java:[433,27] method listCallCardTemplates(java.lang.String,java.lang.String,java.util.List<java.lang.String>,boolean,java.lang.Boolean,java.lang.String,int,int) is already defined in class com.saicon.games.callcard.components.ErpDynamicQueryManager
[ERROR] /C:/Users/dimit/tradetool_middleware/callcard-components/src/main/java/com/saicon/games/callcard/components/impl/CallCardManagement.java:[135,72] incompatible types: java.util.List<java.lang.Object[]> cannot be converted to java.util.List<com.saicon.games.callcard.entity.CallCard>
[ERROR] /C:/Users/dimit/tradetool_middleware/callcard-components/src/main/java/com/saicon/games/callcard/components/impl/CallCardManagement.java:[167,83] int cannot be dereferenced
[ERROR] /C:/Users/dimit/tradetool_middleware/callcard-components/src/main/java/com/saicon/games/callcard/components/impl/CallCardManagement.java:[169,41] cannot find symbol
[ERROR]   symbol:   method toInt()
[ERROR]   location: variable eventType of type com.saicon.games.callcard.util.EventType
[ERROR] /C:/Users/dimit/tradetool_middleware/callcard-components/src/main/java/com/saicon/games/callcard/components/impl/CallCardManagement.java:[170,44] incompatible types: com.saicon.games.callcard.util.EventTO cannot be converted to com.saicon.games.callcard.ws.dto.EventTO
[ERROR] /C:/Users/dimit/tradetool_middleware/callcard-components/src/main/java/com/saicon/games/callcard/components/impl/CallCardManagement.java:[177,84] incompatible types: java.util.Map<java.lang.String,java.util.Map<java.lang.String,java.lang.String>> cannot be converted to java.util.List<com.saicon.games.metadata.dto.MetadataDTO>
[ERROR] /C:/Users/dimit/tradetool_middleware/callcard-components/src/main/java/com/saicon/games/callcard/components/impl/CallCardManagement.java:[188,38] method listCallCardTemplates in class com.saicon.games.callcard.components.ErpDynamicQueryManager cannot be applied to given types;
[ERROR]   required: java.lang.String,java.lang.String,java.util.List<java.lang.String>,boolean,java.lang.Boolean,java.lang.String,int,int
[ERROR]   found:    java.lang.String,java.lang.String,callCardTe[...] null,java.util.List<com.saicon.multiplayer.dto.KeyValueDTO>,boolean,boolean,<nulltype>,int,int
[ERROR]   reason: actual and formal argument lists differ in length
[ERROR] /C:/Users/dimit/tradetool_middleware/callcard-components/src/main/java/com/saicon/games/callcard/components/impl/CallCardManagement.java:[200,125] cannot find symbol
[ERROR]   symbol:   variable GAME_TYPE
[ERROR]   location: class com.saicon.games.callcard.util.ScopeType
[ERROR] /C:/Users/dimit/tradetool_middleware/callcard-components/src/main/java/com/saicon/games/callcard/components/impl/CallCardManagement.java:[204,35] cannot find symbol
[ERROR]   symbol:   variable APP_SETTING_KEY_PREVIOUS_VISITS_SUMMARY
[ERROR]   location: class com.saicon.games.callcard.util.Constants
[ERROR] /C:/Users/dimit/tradetool_middleware/callcard-components/src/main/java/com/saicon/games/callcard/components/impl/CallCardManagement.java:[211,35] cannot find symbol
[ERROR]   symbol:   variable APP_SETTING_KEY_INCLUDE_VISITS_GEO_INFO
[ERROR]   location: class com.saicon.games.callcard.util.Constants
[ERROR] /C:/Users/dimit/tradetool_middleware/callcard-components/src/main/java/com/saicon/games/callcard/components/impl/CallCardManagement.java:[214,35] cannot find symbol
[ERROR]   symbol:   variable APP_SETTING_KEY_PRODUCT_TYPE_CATEGORIES
[ERROR]   location: class com.saicon.games.callcard.util.Constants
[ERROR] /C:/Users/dimit/tradetool_middleware/callcard-components/src/main/java/com/saicon/games/callcard/components/impl/CallCardManagement.java:[237,92] incompatible types: java.util.List<java.lang.String> cannot be converted to java.util.List<com.saicon.games.metadata.dto.MetadataKeyDTO>
[ERROR] /C:/Users/dimit/tradetool_middleware/callcard-components/src/main/java/com/saicon/games/callcard/components/impl/CallCardManagement.java:[271,31] cannot find symbol
[ERROR]   symbol:   variable BY_ORDERING_ASC
[ERROR]   location: class com.saicon.games.callcard.util.SortOrderTypes
[ERROR] /C:/Users/dimit/tradetool_middleware/callcard-components/src/main/java/com/saicon/games/callcard/components/impl/CallCardManagement.java:[278,47] no suitable constructor found for ArrayList(java.util.List<java.util.List<java.lang.String>>)
[ERROR]     constructor java.util.ArrayList.ArrayList(int) is not applicable
[ERROR]       (argument mismatch; no instance(s) of type variable(s) T exist so that java.util.List<T> conforms to int)
[ERROR]     constructor java.util.ArrayList.ArrayList(java.util.Collection<? extends java.lang.String>) is not applicable
[ERROR]       (argument mismatch; inference variable T has incompatible bounds
[ERROR]           upper bounds: java.lang.String,java.lang.Object
[ERROR]           lower bounds: java.util.List<java.lang.String>)
[ERROR] /C:/Users/dimit/tradetool_middleware/callcard-components/src/main/java/com/saicon/games/callcard/components/impl/CallCardManagement.java:[292,82] method listCallCardTemplates in class com.saicon.games.callcard.components.ErpDynamicQueryManager cannot be applied to given types;
[ERROR]   required: java.lang.String,java.lang.String,java.util.List<java.lang.String>,boolean,java.lang.Boolean,java.lang.String,int,int
[ERROR]   found:    java.lang.String,java.lang.String,<nulltype>,<nulltype>,boolean,boolean,java.lang.String,int,int
[ERROR]   reason: actual and formal argument lists differ in length
[ERROR] /C:/Users/dimit/tradetool_middleware/callcard-components/src/main/java/com/saicon/games/callcard/components/impl/CallCardManagement.java:[517,125] cannot find symbol
[ERROR]   symbol:   variable GAME_TYPE
[ERROR]   location: class com.saicon.games.callcard.util.ScopeType
[ERROR] /C:/Users/dimit/tradetool_middleware/callcard-components/src/main/java/com/saicon/games/callcard/components/impl/CallCardManagement.java:[521,35] cannot find symbol
[ERROR]   symbol:   variable APP_SETTING_KEY_PREVIOUS_VISITS_SUMMARY
[ERROR]   location: class com.saicon.games.callcard.util.Constants
[ERROR] /C:/Users/dimit/tradetool_middleware/callcard-components/src/main/java/com/saicon/games/callcard/components/impl/CallCardManagement.java:[528,35] cannot find symbol
[ERROR]   symbol:   variable APP_SETTING_KEY_INCLUDE_VISITS_GEO_INFO
[ERROR]   location: class com.saicon.games.callcard.util.Constants
[ERROR] /C:/Users/dimit/tradetool_middleware/callcard-components/src/main/java/com/saicon/games/callcard/components/impl/CallCardManagement.java:[531,35] cannot find symbol
[ERROR]   symbol:   variable APP_SETTING_KEY_PRODUCT_TYPE_CATEGORIES
[ERROR]   location: class com.saicon.games.callcard.util.Constants
[ERROR] /C:/Users/dimit/tradetool_middleware/callcard-components/src/main/java/com/saicon/games/callcard/components/impl/CallCardManagement.java:[554,92] incompatible types: java.util.List<java.lang.String> cannot be converted to java.util.List<com.saicon.games.metadata.dto.MetadataKeyDTO>
[ERROR] /C:/Users/dimit/tradetool_middleware/callcard-components/src/main/java/com/saicon/games/callcard/components/impl/CallCardManagement.java:[588,31] cannot find symbol
[ERROR]   symbol:   variable BY_ORDERING_ASC
[ERROR]   location: class com.saicon.games.callcard.util.SortOrderTypes
[ERROR] /C:/Users/dimit/tradetool_middleware/callcard-components/src/main/java/com/saicon/games/callcard/components/impl/CallCardManagement.java:[595,47] no suitable constructor found for ArrayList(java.util.List<java.util.List<java.lang.String>>)
[ERROR]     constructor java.util.ArrayList.ArrayList(int) is not applicable
[ERROR]       (argument mismatch; no instance(s) of type variable(s) T exist so that java.util.List<T> conforms to int)
[ERROR]     constructor java.util.ArrayList.ArrayList(java.util.Collection<? extends java.lang.String>) is not applicable
[ERROR]       (argument mismatch; inference variable T has incompatible bounds
[ERROR]           upper bounds: java.lang.String,java.lang.Object
[ERROR]           lower bounds: java.util.List<java.lang.String>)
[ERROR] /C:/Users/dimit/tradetool_middleware/callcard-components/src/main/java/com/saicon/games/callcard/components/impl/CallCardManagement.java:[803,32] cannot find symbol
[ERROR]   symbol:   variable CALL_CARD_DOWNLOADED
[ERROR]   location: class com.saicon.games.callcard.util.EventType
[ERROR] /C:/Users/dimit/tradetool_middleware/callcard-components/src/main/java/com/saicon/games/callcard/components/impl/CallCardManagement.java:[1320,125] cannot find symbol
[ERROR]   symbol:   variable GAME_TYPE
[ERROR]   location: class com.saicon.games.callcard.util.ScopeType
[ERROR] /C:/Users/dimit/tradetool_middleware/callcard-components/src/main/java/com/saicon/games/callcard/components/impl/CallCardManagement.java:[1324,35] cannot find symbol
[ERROR]   symbol:   variable APP_SETTING_KEY_PREVIOUS_VISITS_SUMMARY
[ERROR]   location: class com.saicon.games.callcard.util.Constants
[ERROR] /C:/Users/dimit/tradetool_middleware/callcard-components/src/main/java/com/saicon/games/callcard/components/impl/CallCardManagement.java:[1331,35] cannot find symbol
[ERROR]   symbol:   variable APP_SETTING_KEY_INCLUDE_VISITS_GEO_INFO
[ERROR]   location: class com.saicon.games.callcard.util.Constants
[ERROR] /C:/Users/dimit/tradetool_middleware/callcard-components/src/main/java/com/saicon/games/callcard/components/impl/CallCardManagement.java:[1334,35] cannot find symbol
[ERROR]   symbol:   variable APP_SETTING_KEY_PRODUCT_TYPE_CATEGORIES
[ERROR]   location: class com.saicon.games.callcard.util.Constants
[ERROR] /C:/Users/dimit/tradetool_middleware/callcard-components/src/main/java/com/saicon/games/callcard/components/impl/CallCardManagement.java:[1357,92] incompatible types: java.util.List<java.lang.String> cannot be converted to java.util.List<com.saicon.games.metadata.dto.MetadataKeyDTO>
[ERROR] /C:/Users/dimit/tradetool_middleware/callcard-components/src/main/java/com/saicon/games/callcard/components/impl/CallCardManagement.java:[1391,31] cannot find symbol
[ERROR]   symbol:   variable BY_ORDERING_ASC
[ERROR]   location: class com.saicon.games.callcard.util.SortOrderTypes
[ERROR] /C:/Users/dimit/tradetool_middleware/callcard-components/src/main/java/com/saicon/games/callcard/components/impl/CallCardManagement.java:[1398,47] no suitable constructor found for ArrayList(java.util.List<java.util.List<java.lang.String>>)
[ERROR]     constructor java.util.ArrayList.ArrayList(int) is not applicable
[ERROR]       (argument mismatch; no instance(s) of type variable(s) T exist so that java.util.List<T> conforms to int)
[ERROR]     constructor java.util.ArrayList.ArrayList(java.util.Collection<? extends java.lang.String>) is not applicable
[ERROR]       (argument mismatch; inference variable T has incompatible bounds
[ERROR]           upper bounds: java.lang.String,java.lang.Object
[ERROR]           lower bounds: java.util.List<java.lang.String>)
[ERROR] /C:/Users/dimit/tradetool_middleware/callcard-components/src/main/java/com/saicon/games/callcard/components/impl/CallCardManagement.java:[1600,62] incompatible types: no instance(s) of type variable(s) T exist so that java.util.List<T> conforms to java.lang.String
[ERROR] /C:/Users/dimit/tradetool_middleware/callcard-components/src/main/java/com/saicon/games/callcard/components/impl/CallCardManagement.java:[1629,32] cannot find symbol
[ERROR]   symbol:   variable CALL_CARD_DOWNLOADED
[ERROR]   location: class com.saicon.games.callcard.util.EventType
[ERROR] /C:/Users/dimit/tradetool_middleware/callcard-components/src/main/java/com/saicon/games/callcard/components/impl/CallCardManagement.java:[2177,110] incompatible types: java.util.Date cannot be converted to int
[ERROR] /C:/Users/dimit/tradetool_middleware/callcard-components/src/main/java/com/saicon/games/callcard/components/impl/CallCardManagement.java:[2216,138] incompatible types: java.util.Date cannot be converted to int
[ERROR] /C:/Users/dimit/tradetool_middleware/callcard-components/src/main/java/com/saicon/games/callcard/components/impl/CallCardManagement.java:[2237,126] incompatible types: java.math.BigDecimal cannot be converted to double
[ERROR] /C:/Users/dimit/tradetool_middleware/callcard-components/src/main/java/com/saicon/games/callcard/components/impl/CallCardManagement.java:[2310,47] cannot find symbol
[ERROR]   symbol:   method getDateCreated()
[ERROR]   location: variable salesOrder of type java.lang.Object
[ERROR] /C:/Users/dimit/tradetool_middleware/callcard-components/src/main/java/com/saicon/games/callcard/components/impl/CallCardManagement.java:[2560,38] incompatible types: bad type in conditional expression
[ERROR]     no instance(s) of type variable(s) T exist so that java.util.List<T> conforms to java.lang.String[]
[ERROR] /C:/Users/dimit/tradetool_middleware/callcard-components/src/main/java/com/saicon/games/callcard/components/impl/CallCardManagement.java:[2587,15] cannot find symbol
[ERROR]   symbol:   method isValidUUID(java.lang.String,java.lang.String)
[ERROR]   location: class com.saicon.games.callcard.util.Assert
[ERROR] /C:/Users/dimit/tradetool_middleware/callcard-components/src/main/java/com/saicon/games/callcard/components/impl/CallCardManagement.java:[2659,53] incompatible types: possible lossy conversion from long to int
[ERROR] /C:/Users/dimit/tradetool_middleware/callcard-components/src/main/java/com/saicon/games/callcard/components/impl/CallCardManagement.java:[2770,31] cannot find symbol
[ERROR]   symbol:   variable PMI_EGYPT_GAME_TYPE_ID
[ERROR]   location: class com.saicon.games.callcard.util.Constants
[ERROR] /C:/Users/dimit/tradetool_middleware/callcard-components/src/main/java/com/saicon/games/callcard/components/impl/CallCardManagement.java:[2771,31] cannot find symbol
[ERROR]   symbol:   variable PMI_SENEGAL_GAME_TYPE_ID
[ERROR]   location: class com.saicon.games.callcard.util.Constants
[ERROR] /C:/Users/dimit/tradetool_middleware/callcard-components/src/main/java/com/saicon/games/callcard/components/impl/CallCardManagement.java:[2775,31] cannot find symbol
[ERROR]   symbol:   variable PMI_IRAQ_GAME_TYPE_ID
[ERROR]   location: class com.saicon.games.callcard.util.Constants
[ERROR] /C:/Users/dimit/tradetool_middleware/callcard-components/src/main/java/com/saicon/games/callcard/components/impl/CallCardManagement.java:[2795,27] cannot find symbol
[ERROR]   symbol:   variable PMI_EGYPT_GAME_TYPE_ID
[ERROR]   location: class com.saicon.games.callcard.util.Constants
[ERROR] /C:/Users/dimit/tradetool_middleware/callcard-components/src/main/java/com/saicon/games/callcard/components/impl/CallCardManagement.java:[2796,27] cannot find symbol
[ERROR]   symbol:   variable PMI_SENEGAL_GAME_TYPE_ID
[ERROR]   location: class com.saicon.games.callcard.util.Constants
[ERROR] /C:/Users/dimit/tradetool_middleware/callcard-components/src/main/java/com/saicon/games/callcard/components/impl/CallCardManagement.java:[2800,27] cannot find symbol
[ERROR]   symbol:   variable PMI_IRAQ_GAME_TYPE_ID
[ERROR]   location: class com.saicon.games.callcard.util.Constants
[ERROR] /C:/Users/dimit/tradetool_middleware/callcard-components/src/main/java/com/saicon/games/callcard/components/impl/CallCardManagement.java:[2804,80] incompatible types: java.util.Map<java.lang.String,java.util.Map<java.lang.String,java.lang.String>> cannot be converted to java.util.List<com.saicon.games.metadata.dto.MetadataDTO>
[ERROR] /C:/Users/dimit/tradetool_middleware/callcard-components/src/main/java/com/saicon/games/callcard/components/impl/CallCardManagement.java:[2815,66] method listCallCardTemplates in class com.saicon.games.callcard.components.ErpDynamicQueryManager cannot be applied to given types;
[ERROR]   required: java.lang.String,java.lang.String,java.util.List<java.lang.String>,boolean,java.lang.Boolean,java.lang.String,int,int
[ERROR]   found:    java.lang.String,java.lang.String,<nulltype>,java.util.List<com.saicon.multiplayer.dto.KeyValueDTO>,boolean,boolean,<nulltype>,int,int
[ERROR]   reason: actual and formal argument lists differ in length
[ERROR] /C:/Users/dimit/tradetool_middleware/callcard-components/src/main/java/com/saicon/games/callcard/components/impl/CallCardManagement.java:[2825,74] method listCallCardTemplates in class com.saicon.games.callcard.components.ErpDynamicQueryManager cannot be applied to given types;
[ERROR]   required: java.lang.String,java.lang.String,java.util.List<java.lang.String>,boolean,java.lang.Boolean,java.lang.String,int,int
[ERROR]   found:    java.lang.String,java.lang.String,<nulltype>,<nulltype>,boolean,boolean,java.lang.String,int,int
[ERROR]   reason: actual and formal argument lists differ in length
[ERROR] /C:/Users/dimit/tradetool_middleware/callcard-components/src/main/java/com/saicon/games/callcard/components/impl/CallCardManagement.java:[3090,73] incompatible types: java.lang.Object cannot be converted to java.util.List<com.saicon.games.entities.shared.UserAddressbook>
[ERROR] /C:/Users/dimit/tradetool_middleware/callcard-components/src/main/java/com/saicon/games/callcard/components/impl/CallCardManagement.java:[3096,84] incompatible types: java.util.Map<java.lang.String,java.util.Map<java.lang.String,java.lang.String>> cannot be converted to java.util.List<com.saicon.games.metadata.dto.MetadataDTO>
[ERROR] /C:/Users/dimit/tradetool_middleware/callcard-components/src/main/java/com/saicon/games/callcard/components/impl/CallCardManagement.java:[3135,48] incompatible types: java.lang.String cannot be converted to int
[ERROR] /C:/Users/dimit/tradetool_middleware/callcard-components/src/main/java/com/saicon/games/callcard/components/impl/CallCardManagement.java:[3138,58] incompatible types: java.lang.String cannot be converted to com.saicon.games.entities.shared.State
[ERROR] /C:/Users/dimit/tradetool_middleware/callcard-components/src/main/java/com/saicon/games/callcard/components/impl/CallCardManagement.java:[3139,55] incompatible types: java.lang.String cannot be converted to int
[ERROR] /C:/Users/dimit/tradetool_middleware/callcard-components/src/main/java/com/saicon/games/callcard/components/impl/CallCardManagement.java:[3140,92] cannot find symbol
[ERROR]   symbol:   method getId()
[ERROR]   location: class java.lang.String
[ERROR] /C:/Users/dimit/tradetool_middleware/callcard-components/src/main/java/com/saicon/games/callcard/components/impl/CallCardManagement.java:[3146,86] incompatible types: java.lang.Object cannot be converted to com.saicon.games.entities.shared.Addressbook
[ERROR] /C:/Users/dimit/tradetool_middleware/callcard-components/src/main/java/com/saicon/games/callcard/components/impl/CallCardManagement.java:[3171,81] cannot find symbol
[ERROR]   symbol:   method size()
[ERROR]   location: class java.lang.Object
[ERROR] /C:/Users/dimit/tradetool_middleware/callcard-components/src/main/java/com/saicon/games/callcard/components/impl/CallCardManagement.java:[3172,67] cannot find symbol
[ERROR]   symbol:   method get(int)
[ERROR]   location: class java.lang.Object
[ERROR] /C:/Users/dimit/tradetool_middleware/callcard-components/src/main/java/com/saicon/games/callcard/components/impl/CallCardManagement.java:[3196,14] cannot find symbol
[ERROR]   symbol:   class SalesOrder
[ERROR]   location: class com.saicon.games.callcard.components.impl.CallCardManagement
[ERROR] /C:/Users/dimit/tradetool_middleware/callcard-components/src/main/java/com/saicon/games/callcard/components/impl/CallCardManagement.java:[3200,22] cannot find symbol
[ERROR]   symbol:   class SalesOrder
[ERROR]   location: class com.saicon.games.callcard.components.impl.CallCardManagement
[ERROR] /C:/Users/dimit/tradetool_middleware/callcard-components/src/main/java/com/saicon/games/callcard/components/impl/CallCardManagement.java:[3205,30] cannot find symbol
[ERROR]   symbol:   class SalesOrderDetails
[ERROR]   location: class com.saicon.games.callcard.components.impl.CallCardManagement
[ERROR] /C:/Users/dimit/tradetool_middleware/callcard-components/src/main/java/com/saicon/games/callcard/components/impl/CallCardManagement.java:[3206,30] cannot find symbol
[ERROR]   symbol:   class SalesOrderDetails
[ERROR]   location: class com.saicon.games.callcard.components.impl.CallCardManagement
[ERROR] /C:/Users/dimit/tradetool_middleware/callcard-components/src/main/java/com/saicon/games/callcard/components/impl/CallCardManagement.java:[3254,26] cannot find symbol
[ERROR]   symbol:   class InvoiceDetails
[ERROR]   location: class com.saicon.games.callcard.components.impl.CallCardManagement
[ERROR] /C:/Users/dimit/tradetool_middleware/callcard-components/src/main/java/com/saicon/games/callcard/components/impl/CallCardManagement.java:[3259,97] incompatible types: java.util.List<java.lang.Object[]> cannot be converted to java.util.Map<java.lang.String,java.util.List<com.saicon.games.callcard.entity.CallCardRefUserIndex>>
[ERROR] /C:/Users/dimit/tradetool_middleware/callcard-components/src/main/java/com/saicon/games/callcard/components/impl/CallCardManagement.java:[3263,143] cannot find symbol
[ERROR]   symbol:   variable InvoiceDTO
[ERROR]   location: class com.saicon.games.callcard.components.impl.CallCardManagement
[ERROR] /C:/Users/dimit/tradetool_middleware/callcard-components/src/main/java/com/saicon/games/callcard/components/impl/CallCardManagement.java:[3272,18] cannot find symbol
[ERROR]   symbol:   class InvoiceDetails
[ERROR]   location: class com.saicon.games.callcard.components.impl.CallCardManagement
[ERROR] /C:/Users/dimit/tradetool_middleware/callcard-components/src/main/java/com/saicon/games/callcard/components/impl/CallCardManagement.java:[3275,22] cannot find symbol
[ERROR]   symbol:   class InvoiceDetails
[ERROR]   location: class com.saicon.games.callcard.components.impl.CallCardManagement
[ERROR] /C:/Users/dimit/tradetool_middleware/callcard-components/src/main/java/com/saicon/games/callcard/components/impl/CallCardManagement.java:[3559,15] cannot find symbol
[ERROR]   symbol:   method isValidUUID(java.lang.String,java.lang.String)
[ERROR]   location: class com.saicon.games.callcard.util.Assert
[ERROR] /C:/Users/dimit/tradetool_middleware/callcard-components/src/main/java/com/saicon/games/callcard/components/impl/CallCardManagement.java:[3625,15] cannot find symbol
[ERROR]   symbol:   method isValidUUID(java.lang.String,java.lang.String)
[ERROR]   location: class com.saicon.games.callcard.util.Assert
[ERROR] /C:/Users/dimit/tradetool_middleware/callcard-components/src/main/java/com/saicon/games/callcard/components/impl/CallCardManagement.java:[3627,15] cannot find symbol
[ERROR]   symbol:   method isValidUUID(java.lang.String,java.lang.String)
[ERROR]   location: class com.saicon.games.callcard.util.Assert
[ERROR] /C:/Users/dimit/tradetool_middleware/callcard-components/src/main/java/com/saicon/games/callcard/components/impl/CallCardManagement.java:[3708,15] cannot find symbol
[ERROR]   symbol:   method isValidUUID(java.lang.String,java.lang.String)
[ERROR]   location: class com.saicon.games.callcard.util.Assert
[ERROR] /C:/Users/dimit/tradetool_middleware/callcard-components/src/main/java/com/saicon/games/callcard/components/impl/CallCardManagement.java:[3710,15] cannot find symbol
[ERROR]   symbol:   method isValidUUID(java.lang.String,java.lang.String)
[ERROR]   location: class com.saicon.games.callcard.util.Assert
[ERROR] /C:/Users/dimit/tradetool_middleware/callcard-components/src/main/java/com/saicon/games/callcard/components/impl/CallCardManagement.java:[3812,15] cannot find symbol
[ERROR]   symbol:   method isValidUUID(java.lang.String,java.lang.String)
[ERROR]   location: class com.saicon.games.callcard.util.Assert
[ERROR] /C:/Users/dimit/tradetool_middleware/callcard-components/src/main/java/com/saicon/games/callcard/components/impl/CallCardManagement.java:[3887,15] cannot find symbol
[ERROR]   symbol:   method isValidUUID(java.lang.String,java.lang.String)
[ERROR]   location: class com.saicon.games.callcard.util.Assert
[ERROR] /C:/Users/dimit/tradetool_middleware/callcard-components/src/main/java/com/saicon/games/callcard/components/impl/CallCardManagement.java:[3909,45] incompatible types: java.lang.Object[] cannot be converted to java.lang.Number
[ERROR] /C:/Users/dimit/tradetool_middleware/callcard-components/src/main/java/com/saicon/games/callcard/components/impl/CallCardManagement.java:[3924,15] cannot find symbol
[ERROR]   symbol:   method isValidUUID(java.lang.String,java.lang.String)
[ERROR]   location: class com.saicon.games.callcard.util.Assert
[ERROR] /C:/Users/dimit/tradetool_middleware/callcard-components/src/main/java/com/saicon/games/callcard/components/impl/CallCardManagement.java:[3997,15] cannot find symbol
[ERROR]   symbol:   method isValidUUID(java.lang.String,java.lang.String)
[ERROR]   location: class com.saicon.games.callcard.util.Assert
[ERROR] /C:/Users/dimit/tradetool_middleware/callcard-components/src/main/java/com/saicon/games/callcard/components/MultiTenantQueryFilter.java:[113,35] cannot find symbol
[ERROR]   symbol:   method getParameter(java.lang.String)
[ERROR]   location: variable filter of type org.hibernate.Filter
[ERROR] -> [Help 1]
[ERROR] 
[ERROR] To see the full stack trace of the errors, re-run Maven with the -e switch.
[ERROR] Re-run Maven using the -X switch to enable full debug logging.
[ERROR] 
[ERROR] For more information about the errors and possible solutions, please read the following articles:
[ERROR] [Help 1] http://cwiki.apache.org/confluence/display/MAVEN/MojoFailureException
[ERROR] 
[ERROR] After correcting the problems, you can resume the build with the command
[ERROR]   mvn <args> -rf :callcard-components
