[INFO] Scanning for projects...
[INFO] 
[INFO] ----------------< com.saicon.games:callcard-components >----------------
[INFO] Building CallCard Components Layer 1.0.0-SNAPSHOT
[INFO]   from pom.xml
[INFO] --------------------------------[ jar ]---------------------------------
[INFO] 
[INFO] --- clean:3.2.0:clean (default-clean) @ callcard-components ---
[INFO] Deleting C:\Users\dimit\tradetool_middleware\callcard-components\target
[INFO] 
[INFO] --- resources:3.2.0:resources (default-resources) @ callcard-components ---
[INFO] Using 'UTF-8' encoding to copy filtered resources.
[INFO] Using 'UTF-8' encoding to copy filtered properties files.
[INFO] skip non existing resourceDirectory C:\Users\dimit\tradetool_middleware\callcard-components\src\main\resources
[INFO] skip non existing resourceDirectory C:\Users\dimit\tradetool_middleware\callcard-components\src\main\resources
[INFO] 
[INFO] --- compiler:3.10.1:compile (default-compile) @ callcard-components ---
[INFO] Changes detected - recompiling the module!
[INFO] Compiling 34 source files to C:\Users\dimit\tradetool_middleware\callcard-components\target\classes
[INFO] /C:/Users/dimit/tradetool_middleware/callcard-components/src/main/java/com/saicon/games/callcard/components/ErpDynamicQueryManager.java: C:\Users\dimit\tradetool_middleware\callcard-components\src\main\java\com\saicon\games\callcard\components\ErpDynamicQueryManager.java uses or overrides a deprecated API.
[INFO] /C:/Users/dimit/tradetool_middleware/callcard-components/src/main/java/com/saicon/games/callcard/components/ErpDynamicQueryManager.java: Recompile with -Xlint:deprecation for details.
[INFO] Some messages have been simplified; recompile with -Xdiags:verbose to get full output
[INFO] -------------------------------------------------------------
[ERROR] COMPILATION ERROR : 
[INFO] -------------------------------------------------------------
[ERROR] /C:/Users/dimit/tradetool_middleware/callcard-components/src/main/java/com/saicon/games/callcard/components/impl/CallCardManagement.java:[136,72] incompatible types: java.util.List<java.lang.Object[]> cannot be converted to java.util.List<com.saicon.games.callcard.entity.CallCard>
[ERROR] /C:/Users/dimit/tradetool_middleware/callcard-components/src/main/java/com/saicon/games/callcard/components/impl/CallCardManagement.java:[168,83] int cannot be dereferenced
[ERROR] /C:/Users/dimit/tradetool_middleware/callcard-components/src/main/java/com/saicon/games/callcard/components/impl/CallCardManagement.java:[171,44] incompatible types: com.saicon.games.callcard.util.EventTO cannot be converted to com.saicon.games.callcard.ws.dto.EventTO
[ERROR] /C:/Users/dimit/tradetool_middleware/callcard-components/src/main/java/com/saicon/games/callcard/components/impl/CallCardManagement.java:[178,18] cannot find symbol
  symbol:   class MetadataDTO
  location: class com.saicon.games.callcard.components.impl.CallCardManagement
[ERROR] /C:/Users/dimit/tradetool_middleware/callcard-components/src/main/java/com/saicon/games/callcard/components/impl/CallCardManagement.java:[183,18] cannot find symbol
  symbol:   class MetadataDTO
  location: class com.saicon.games.callcard.components.impl.CallCardManagement
[ERROR] /C:/Users/dimit/tradetool_middleware/callcard-components/src/main/java/com/saicon/games/callcard/components/impl/CallCardManagement.java:[201,64] cannot find symbol
  symbol:   method get(<nulltype>,java.lang.String,java.util.List<com.saicon.games.callcard.util.ScopeType>)
  location: variable appSettingsComponent of type com.saicon.games.callcard.components.external.IAppSettingsComponent
[ERROR] /C:/Users/dimit/tradetool_middleware/callcard-components/src/main/java/com/saicon/games/callcard/components/impl/CallCardManagement.java:[238,92] incompatible types: java.util.List<java.lang.String> cannot be converted to java.util.List<com.saicon.games.metadata.dto.MetadataKeyDTO>
[ERROR] /C:/Users/dimit/tradetool_middleware/callcard-components/src/main/java/com/saicon/games/callcard/components/impl/CallCardManagement.java:[250,79] cannot find symbol
  symbol:   method getMultipleBrandProducts(java.lang.String,<nulltype>,java.lang.String,<nulltype>,<nulltype>,java.lang.String[],java.lang.Integer[],java.lang.String[],java.lang.String[],java.lang.String[],int,int,boolean,boolean,<nulltype>,<nulltype>,<nulltype>,boolean,<nulltype>,<nulltype>,boolean,<nulltype>,com.saicon.games.callcard.util.SortOrderTypes)
  location: variable solrClient of type com.saicon.games.callcard.components.external.SolrClient
[ERROR] /C:/Users/dimit/tradetool_middleware/callcard-components/src/main/java/com/saicon/games/callcard/components/impl/CallCardManagement.java:[279,47] no suitable constructor found for ArrayList(java.util.List<java.util.List<java.lang.String>>)
    constructor java.util.ArrayList.ArrayList(int) is not applicable
      (argument mismatch; no instance(s) of type variable(s) T exist so that java.util.List<T> conforms to int)
    constructor java.util.ArrayList.ArrayList(java.util.Collection<? extends java.lang.String>) is not applicable
      (argument mismatch; inference variable T has incompatible bounds
          upper bounds: java.lang.String,java.lang.Object
          lower bounds: java.util.List<java.lang.String>)
[ERROR] /C:/Users/dimit/tradetool_middleware/callcard-components/src/main/java/com/saicon/games/callcard/components/impl/CallCardManagement.java:[518,64] cannot find symbol
  symbol:   method get(<nulltype>,java.lang.String,java.util.List<com.saicon.games.callcard.util.ScopeType>)
  location: variable appSettingsComponent of type com.saicon.games.callcard.components.external.IAppSettingsComponent
[ERROR] /C:/Users/dimit/tradetool_middleware/callcard-components/src/main/java/com/saicon/games/callcard/components/impl/CallCardManagement.java:[555,92] incompatible types: java.util.List<java.lang.String> cannot be converted to java.util.List<com.saicon.games.metadata.dto.MetadataKeyDTO>
[ERROR] /C:/Users/dimit/tradetool_middleware/callcard-components/src/main/java/com/saicon/games/callcard/components/impl/CallCardManagement.java:[567,79] cannot find symbol
  symbol:   method getMultipleBrandProducts(java.lang.String,<nulltype>,java.lang.String,<nulltype>,<nulltype>,java.lang.String[],java.lang.Integer[],java.lang.String[],java.lang.String[],java.lang.String[],int,int,boolean,boolean,<nulltype>,<nulltype>,<nulltype>,boolean,<nulltype>,<nulltype>,boolean,<nulltype>,com.saicon.games.callcard.util.SortOrderTypes)
  location: variable solrClient of type com.saicon.games.callcard.components.external.SolrClient
[ERROR] /C:/Users/dimit/tradetool_middleware/callcard-components/src/main/java/com/saicon/games/callcard/components/impl/CallCardManagement.java:[596,47] no suitable constructor found for ArrayList(java.util.List<java.util.List<java.lang.String>>)
    constructor java.util.ArrayList.ArrayList(int) is not applicable
      (argument mismatch; no instance(s) of type variable(s) T exist so that java.util.List<T> conforms to int)
    constructor java.util.ArrayList.ArrayList(java.util.Collection<? extends java.lang.String>) is not applicable
      (argument mismatch; inference variable T has incompatible bounds
          upper bounds: java.lang.String,java.lang.Object
          lower bounds: java.util.List<java.lang.String>)
[ERROR] /C:/Users/dimit/tradetool_middleware/callcard-components/src/main/java/com/saicon/games/callcard/components/impl/CallCardManagement.java:[1321,64] cannot find symbol
  symbol:   method get(<nulltype>,java.lang.String,java.util.List<com.saicon.games.callcard.util.ScopeType>)
  location: variable appSettingsComponent of type com.saicon.games.callcard.components.external.IAppSettingsComponent
[ERROR] /C:/Users/dimit/tradetool_middleware/callcard-components/src/main/java/com/saicon/games/callcard/components/impl/CallCardManagement.java:[1358,92] incompatible types: java.util.List<java.lang.String> cannot be converted to java.util.List<com.saicon.games.metadata.dto.MetadataKeyDTO>
[ERROR] /C:/Users/dimit/tradetool_middleware/callcard-components/src/main/java/com/saicon/games/callcard/components/impl/CallCardManagement.java:[1370,79] cannot find symbol
  symbol:   method getMultipleBrandProducts(java.lang.String,<nulltype>,java.lang.String,<nulltype>,<nulltype>,java.lang.String[],java.lang.Integer[],java.lang.String[],java.lang.String[],java.lang.String[],int,int,boolean,boolean,<nulltype>,<nulltype>,<nulltype>,boolean,<nulltype>,<nulltype>,boolean,<nulltype>,com.saicon.games.callcard.util.SortOrderTypes)
  location: variable solrClient of type com.saicon.games.callcard.components.external.SolrClient
[ERROR] /C:/Users/dimit/tradetool_middleware/callcard-components/src/main/java/com/saicon/games/callcard/components/impl/CallCardManagement.java:[1399,47] no suitable constructor found for ArrayList(java.util.List<java.util.List<java.lang.String>>)
    constructor java.util.ArrayList.ArrayList(int) is not applicable
      (argument mismatch; no instance(s) of type variable(s) T exist so that java.util.List<T> conforms to int)
    constructor java.util.ArrayList.ArrayList(java.util.Collection<? extends java.lang.String>) is not applicable
      (argument mismatch; inference variable T has incompatible bounds
          upper bounds: java.lang.String,java.lang.Object
          lower bounds: java.util.List<java.lang.String>)
[ERROR] /C:/Users/dimit/tradetool_middleware/callcard-components/src/main/java/com/saicon/games/callcard/components/impl/CallCardManagement.java:[2123,21] cannot find symbol
  symbol:   class SalesOrderDTO
  location: class com.saicon.games.callcard.components.impl.CallCardManagement
[ERROR] /C:/Users/dimit/tradetool_middleware/callcard-components/src/main/java/com/saicon/games/callcard/components/impl/CallCardManagement.java:[2173,77] incompatible types: java.util.List<java.lang.Object> cannot be converted to java.util.List<com.saicon.games.callcard.components.external.SalesOrder>
[ERROR] /C:/Users/dimit/tradetool_middleware/callcard-components/src/main/java/com/saicon/games/callcard/components/impl/CallCardManagement.java:[2177,54] cannot find symbol
  symbol:   class SalesOrderDTO
  location: class com.saicon.games.callcard.components.impl.CallCardManagement
[ERROR] /C:/Users/dimit/tradetool_middleware/callcard-components/src/main/java/com/saicon/games/callcard/components/impl/CallCardManagement.java:[2177,426] cannot find symbol
  symbol:   class SalesOrderDetailsDTO
  location: class com.saicon.games.callcard.components.impl.CallCardManagement
[ERROR] /C:/Users/dimit/tradetool_middleware/callcard-components/src/main/java/com/saicon/games/callcard/components/impl/CallCardManagement.java:[2177,326] cannot find symbol
  symbol:   method getSalesOrderStatus()
  location: class com.saicon.games.callcard.components.external.SalesOrder
[ERROR] /C:/Users/dimit/tradetool_middleware/callcard-components/src/main/java/com/saicon/games/callcard/components/impl/CallCardManagement.java:[2205,82] cannot find symbol
  symbol:   class SalesOrderDTO
  location: class com.saicon.games.callcard.components.impl.CallCardManagement
[ERROR] /C:/Users/dimit/tradetool_middleware/callcard-components/src/main/java/com/saicon/games/callcard/components/impl/CallCardManagement.java:[2205,440] cannot find symbol
  symbol:   class SalesOrderDetailsDTO
  location: class com.saicon.games.callcard.components.impl.CallCardManagement
[ERROR] /C:/Users/dimit/tradetool_middleware/callcard-components/src/main/java/com/saicon/games/callcard/components/impl/CallCardManagement.java:[2205,352] package SalesOrderStatus does not exist
[ERROR] /C:/Users/dimit/tradetool_middleware/callcard-components/src/main/java/com/saicon/games/callcard/components/impl/CallCardManagement.java:[2209,53] cannot find symbol
  symbol:   class SalesOrderDetailsDTO
  location: class com.saicon.games.callcard.components.impl.CallCardManagement
[ERROR] /C:/Users/dimit/tradetool_middleware/callcard-components/src/main/java/com/saicon/games/callcard/components/impl/CallCardManagement.java:[2209,106] cannot find symbol
  symbol:   class SalesOrderDetailsDTO
  location: class com.saicon.games.callcard.components.impl.CallCardManagement
[ERROR] /C:/Users/dimit/tradetool_middleware/callcard-components/src/main/java/com/saicon/games/callcard/components/impl/CallCardManagement.java:[2271,46] cannot find symbol
  symbol:   method getSalesOrderDetails()
  location: variable revisedSalesOrder of type com.saicon.games.callcard.components.external.SalesOrder
[ERROR] /C:/Users/dimit/tradetool_middleware/callcard-components/src/main/java/com/saicon/games/callcard/components/impl/CallCardManagement.java:[2273,78] cannot find symbol
  symbol:   method getSalesOrderDetails()
  location: variable revisedSalesOrder of type com.saicon.games.callcard.components.external.SalesOrder
[ERROR] /C:/Users/dimit/tradetool_middleware/callcard-components/src/main/java/com/saicon/games/callcard/components/impl/CallCardManagement.java:[2274,38] cannot find symbol
  symbol:   class SalesOrderDetailsDTO
  location: class com.saicon.games.callcard.components.impl.CallCardManagement
[ERROR] /C:/Users/dimit/tradetool_middleware/callcard-components/src/main/java/com/saicon/games/callcard/components/impl/CallCardManagement.java:[2307,30] cannot find symbol
  symbol:   class SalesOrderDetailsDTO
  location: class com.saicon.games.callcard.components.impl.CallCardManagement
[ERROR] /C:/Users/dimit/tradetool_middleware/callcard-components/src/main/java/com/saicon/games/callcard/components/impl/CallCardManagement.java:[2308,29] cannot find symbol
  symbol:   class SalesOrderDetailsDTO
  location: class com.saicon.games.callcard.components.impl.CallCardManagement
[ERROR] /C:/Users/dimit/tradetool_middleware/callcard-components/src/main/java/com/saicon/games/callcard/components/impl/CallCardManagement.java:[2573,38] incompatible types: bad type in conditional expression
    no instance(s) of type variable(s) T exist so that java.util.List<T> conforms to java.lang.String[]
[ERROR] /C:/Users/dimit/tradetool_middleware/callcard-components/src/main/java/com/saicon/games/callcard/components/impl/CallCardManagement.java:[2600,15] cannot find symbol
  symbol:   method isValidUUID(java.lang.String,java.lang.String)
  location: class com.saicon.games.callcard.util.Assert
[ERROR] /C:/Users/dimit/tradetool_middleware/callcard-components/src/main/java/com/saicon/games/callcard/components/impl/CallCardManagement.java:[2672,53] incompatible types: possible lossy conversion from long to int
[ERROR] /C:/Users/dimit/tradetool_middleware/callcard-components/src/main/java/com/saicon/games/callcard/components/impl/CallCardManagement.java:[2817,14] cannot find symbol
  symbol:   class MetadataDTO
  location: class com.saicon.games.callcard.components.impl.CallCardManagement
[ERROR] /C:/Users/dimit/tradetool_middleware/callcard-components/src/main/java/com/saicon/games/callcard/components/impl/CallCardManagement.java:[2823,14] cannot find symbol
  symbol:   class MetadataDTO
  location: class com.saicon.games.callcard.components.impl.CallCardManagement
[ERROR] /C:/Users/dimit/tradetool_middleware/callcard-components/src/main/java/com/saicon/games/callcard/components/impl/CallCardManagement.java:[2918,5] method does not override or implement a method from a supertype
[ERROR] /C:/Users/dimit/tradetool_middleware/callcard-components/src/main/java/com/saicon/games/callcard/components/impl/CallCardManagement.java:[3104,18] cannot find symbol
  symbol:   class UserAddressbook
  location: class com.saicon.games.callcard.components.impl.CallCardManagement
[ERROR] /C:/Users/dimit/tradetool_middleware/callcard-components/src/main/java/com/saicon/games/callcard/components/impl/CallCardManagement.java:[3106,18] cannot find symbol
  symbol:   class UserAddressbook
  location: class com.saicon.games.callcard.components.impl.CallCardManagement
[ERROR] /C:/Users/dimit/tradetool_middleware/callcard-components/src/main/java/com/saicon/games/callcard/components/impl/CallCardManagement.java:[3110,22] cannot find symbol
  symbol:   class MetadataDTO
  location: class com.saicon.games.callcard.components.impl.CallCardManagement
[ERROR] /C:/Users/dimit/tradetool_middleware/callcard-components/src/main/java/com/saicon/games/callcard/components/impl/CallCardManagement.java:[3118,22] cannot find symbol
  symbol:   class MetadataDTO
  location: class com.saicon.games.callcard.components.impl.CallCardManagement
[ERROR] /C:/Users/dimit/tradetool_middleware/callcard-components/src/main/java/com/saicon/games/callcard/components/impl/CallCardManagement.java:[3147,53] cannot find symbol
  symbol:   method getCities()
  location: variable postCode of type com.saicon.games.callcard.components.external.Postcode
[ERROR] /C:/Users/dimit/tradetool_middleware/callcard-components/src/main/java/com/saicon/games/callcard/components/impl/CallCardManagement.java:[3147,85] cannot find symbol
  symbol:   method getCities()
  location: variable postCode of type com.saicon.games.callcard.components.external.Postcode
[ERROR] /C:/Users/dimit/tradetool_middleware/callcard-components/src/main/java/com/saicon/games/callcard/components/impl/CallCardManagement.java:[3148,25] cannot find symbol
  symbol:   class City
  location: class com.saicon.games.callcard.components.impl.CallCardManagement
[ERROR] /C:/Users/dimit/tradetool_middleware/callcard-components/src/main/java/com/saicon/games/callcard/components/impl/CallCardManagement.java:[3148,45] cannot find symbol
  symbol:   method getCities()
  location: variable postCode of type com.saicon.games.callcard.components.external.Postcode
[ERROR] /C:/Users/dimit/tradetool_middleware/callcard-components/src/main/java/com/saicon/games/callcard/components/impl/CallCardManagement.java:[3154,46] cannot find symbol
  symbol:   method getCountryId()
  location: variable state of type com.saicon.games.callcard.components.external.State
[ERROR] /C:/Users/dimit/tradetool_middleware/callcard-components/src/main/java/com/saicon/games/callcard/components/impl/CallCardManagement.java:[3154,77] cannot find symbol
  symbol:   method getCountryId()
  location: variable state of type com.saicon.games.callcard.components.external.State
[ERROR] /C:/Users/dimit/tradetool_middleware/callcard-components/src/main/java/com/saicon/games/callcard/components/impl/CallCardManagement.java:[3160,86] incompatible types: java.lang.Object cannot be converted to com.saicon.games.callcard.components.external.Addressbook
[ERROR] /C:/Users/dimit/tradetool_middleware/callcard-components/src/main/java/com/saicon/games/callcard/components/impl/CallCardManagement.java:[3185,81] cannot find symbol
  symbol:   method size()
  location: class java.lang.Object
[ERROR] /C:/Users/dimit/tradetool_middleware/callcard-components/src/main/java/com/saicon/games/callcard/components/impl/CallCardManagement.java:[3186,67] cannot find symbol
  symbol:   method get(int)
  location: class java.lang.Object
[ERROR] /C:/Users/dimit/tradetool_middleware/callcard-components/src/main/java/com/saicon/games/callcard/components/impl/CallCardManagement.java:[3187,32] cannot find symbol
  symbol:   method getLatitude()
  location: variable address of type com.saicon.games.callcard.components.external.Addressbook
[ERROR] /C:/Users/dimit/tradetool_middleware/callcard-components/src/main/java/com/saicon/games/callcard/components/impl/CallCardManagement.java:[3187,65] cannot find symbol
  symbol:   method getLongitude()
  location: variable address of type com.saicon.games.callcard.components.external.Addressbook
[ERROR] /C:/Users/dimit/tradetool_middleware/callcard-components/src/main/java/com/saicon/games/callcard/components/impl/CallCardManagement.java:[3188,104] cannot find symbol
  symbol:   method getLatitude()
  location: variable address of type com.saicon.games.callcard.components.external.Addressbook
[ERROR] /C:/Users/dimit/tradetool_middleware/callcard-components/src/main/java/com/saicon/games/callcard/components/impl/CallCardManagement.java:[3189,105] cannot find symbol
  symbol:   method getLongitude()
  location: variable address of type com.saicon.games.callcard.components.external.Addressbook
[ERROR] /C:/Users/dimit/tradetool_middleware/callcard-components/src/main/java/com/saicon/games/callcard/components/impl/CallCardManagement.java:[3210,86] incompatible types: java.util.List<java.lang.Object> cannot be converted to java.util.List<com.saicon.games.callcard.components.external.SalesOrder>
[ERROR] /C:/Users/dimit/tradetool_middleware/callcard-components/src/main/java/com/saicon/games/callcard/components/impl/CallCardManagement.java:[3219,99] cannot find symbol
  symbol:   method listSalesOrderDetails(<nulltype>,java.lang.String,<nulltype>,<nulltype>,int,int)
  location: variable erpDynamicQueryManager of type com.saicon.games.callcard.components.ErpDynamicQueryManager
[ERROR] /C:/Users/dimit/tradetool_middleware/callcard-components/src/main/java/com/saicon/games/callcard/components/impl/CallCardManagement.java:[3273,97] incompatible types: java.util.List<java.lang.Object[]> cannot be converted to java.util.Map<java.lang.String,java.util.List<com.saicon.games.callcard.entity.CallCardRefUserIndex>>
[ERROR] /C:/Users/dimit/tradetool_middleware/callcard-components/src/main/java/com/saicon/games/callcard/components/impl/CallCardManagement.java:[3277,49] cannot find symbol
  symbol:   method listInvoiceDetailsSummaries(java.lang.String,java.util.List<java.lang.String>,java.lang.Integer,java.util.List<java.lang.Integer>)
  location: variable erpNativeQueryManager of type com.saicon.games.callcard.components.ErpNativeQueryManager
[ERROR] /C:/Users/dimit/tradetool_middleware/callcard-components/src/main/java/com/saicon/games/callcard/components/impl/CallCardManagement.java:[3294,76] incompatible types: java.lang.Integer cannot be converted to com.saicon.games.entities.shared.ItemTypes
[ERROR] /C:/Users/dimit/tradetool_middleware/callcard-components/src/main/java/com/saicon/games/callcard/components/impl/CallCardManagement.java:[3573,15] cannot find symbol
  symbol:   method isValidUUID(java.lang.String,java.lang.String)
  location: class com.saicon.games.callcard.util.Assert
[ERROR] /C:/Users/dimit/tradetool_middleware/callcard-components/src/main/java/com/saicon/games/callcard/components/impl/CallCardManagement.java:[3639,15] cannot find symbol
  symbol:   method isValidUUID(java.lang.String,java.lang.String)
  location: class com.saicon.games.callcard.util.Assert
[ERROR] /C:/Users/dimit/tradetool_middleware/callcard-components/src/main/java/com/saicon/games/callcard/components/impl/CallCardManagement.java:[3641,15] cannot find symbol
  symbol:   method isValidUUID(java.lang.String,java.lang.String)
  location: class com.saicon.games.callcard.util.Assert
[ERROR] /C:/Users/dimit/tradetool_middleware/callcard-components/src/main/java/com/saicon/games/callcard/components/impl/CallCardManagement.java:[3722,15] cannot find symbol
  symbol:   method isValidUUID(java.lang.String,java.lang.String)
  location: class com.saicon.games.callcard.util.Assert
[ERROR] /C:/Users/dimit/tradetool_middleware/callcard-components/src/main/java/com/saicon/games/callcard/components/impl/CallCardManagement.java:[3724,15] cannot find symbol
  symbol:   method isValidUUID(java.lang.String,java.lang.String)
  location: class com.saicon.games.callcard.util.Assert
[ERROR] /C:/Users/dimit/tradetool_middleware/callcard-components/src/main/java/com/saicon/games/callcard/components/impl/CallCardManagement.java:[3826,15] cannot find symbol
  symbol:   method isValidUUID(java.lang.String,java.lang.String)
  location: class com.saicon.games.callcard.util.Assert
[ERROR] /C:/Users/dimit/tradetool_middleware/callcard-components/src/main/java/com/saicon/games/callcard/components/impl/CallCardManagement.java:[3901,15] cannot find symbol
  symbol:   method isValidUUID(java.lang.String,java.lang.String)
  location: class com.saicon.games.callcard.util.Assert
[ERROR] /C:/Users/dimit/tradetool_middleware/callcard-components/src/main/java/com/saicon/games/callcard/components/impl/CallCardManagement.java:[3923,45] incompatible types: java.lang.Object[] cannot be converted to java.lang.Number
[ERROR] /C:/Users/dimit/tradetool_middleware/callcard-components/src/main/java/com/saicon/games/callcard/components/impl/CallCardManagement.java:[3938,15] cannot find symbol
  symbol:   method isValidUUID(java.lang.String,java.lang.String)
  location: class com.saicon.games.callcard.util.Assert
[ERROR] /C:/Users/dimit/tradetool_middleware/callcard-components/src/main/java/com/saicon/games/callcard/components/impl/CallCardManagement.java:[4011,15] cannot find symbol
  symbol:   method isValidUUID(java.lang.String,java.lang.String)
  location: class com.saicon.games.callcard.util.Assert
[INFO] 70 errors 
[INFO] -------------------------------------------------------------
[INFO] ------------------------------------------------------------------------
[INFO] BUILD FAILURE
[INFO] ------------------------------------------------------------------------
[INFO] Total time:  36.476 s
[INFO] Finished at: 2025-12-21T17:50:03+02:00
[INFO] ------------------------------------------------------------------------
[ERROR] Failed to execute goal org.apache.maven.plugins:maven-compiler-plugin:3.10.1:compile (default-compile) on project callcard-components: Compilation failure: Compilation failure: 
[ERROR] /C:/Users/dimit/tradetool_middleware/callcard-components/src/main/java/com/saicon/games/callcard/components/impl/CallCardManagement.java:[136,72] incompatible types: java.util.List<java.lang.Object[]> cannot be converted to java.util.List<com.saicon.games.callcard.entity.CallCard>
[ERROR] /C:/Users/dimit/tradetool_middleware/callcard-components/src/main/java/com/saicon/games/callcard/components/impl/CallCardManagement.java:[168,83] int cannot be dereferenced
[ERROR] /C:/Users/dimit/tradetool_middleware/callcard-components/src/main/java/com/saicon/games/callcard/components/impl/CallCardManagement.java:[171,44] incompatible types: com.saicon.games.callcard.util.EventTO cannot be converted to com.saicon.games.callcard.ws.dto.EventTO
[ERROR] /C:/Users/dimit/tradetool_middleware/callcard-components/src/main/java/com/saicon/games/callcard/components/impl/CallCardManagement.java:[178,18] cannot find symbol
[ERROR]   symbol:   class MetadataDTO
[ERROR]   location: class com.saicon.games.callcard.components.impl.CallCardManagement
[ERROR] /C:/Users/dimit/tradetool_middleware/callcard-components/src/main/java/com/saicon/games/callcard/components/impl/CallCardManagement.java:[183,18] cannot find symbol
[ERROR]   symbol:   class MetadataDTO
[ERROR]   location: class com.saicon.games.callcard.components.impl.CallCardManagement
[ERROR] /C:/Users/dimit/tradetool_middleware/callcard-components/src/main/java/com/saicon/games/callcard/components/impl/CallCardManagement.java:[201,64] cannot find symbol
[ERROR]   symbol:   method get(<nulltype>,java.lang.String,java.util.List<com.saicon.games.callcard.util.ScopeType>)
[ERROR]   location: variable appSettingsComponent of type com.saicon.games.callcard.components.external.IAppSettingsComponent
[ERROR] /C:/Users/dimit/tradetool_middleware/callcard-components/src/main/java/com/saicon/games/callcard/components/impl/CallCardManagement.java:[238,92] incompatible types: java.util.List<java.lang.String> cannot be converted to java.util.List<com.saicon.games.metadata.dto.MetadataKeyDTO>
[ERROR] /C:/Users/dimit/tradetool_middleware/callcard-components/src/main/java/com/saicon/games/callcard/components/impl/CallCardManagement.java:[250,79] cannot find symbol
[ERROR]   symbol:   method getMultipleBrandProducts(java.lang.String,<nulltype>,java.lang.String,<nulltype>,<nulltype>,java.lang.String[],java.lang.Integer[],java.lang.String[],java.lang.String[],java.lang.String[],int,int,boolean,boolean,<nulltype>,<nulltype>,<nulltype>,boolean,<nulltype>,<nulltype>,boolean,<nulltype>,com.saicon.games.callcard.util.SortOrderTypes)
[ERROR]   location: variable solrClient of type com.saicon.games.callcard.components.external.SolrClient
[ERROR] /C:/Users/dimit/tradetool_middleware/callcard-components/src/main/java/com/saicon/games/callcard/components/impl/CallCardManagement.java:[279,47] no suitable constructor found for ArrayList(java.util.List<java.util.List<java.lang.String>>)
[ERROR]     constructor java.util.ArrayList.ArrayList(int) is not applicable
[ERROR]       (argument mismatch; no instance(s) of type variable(s) T exist so that java.util.List<T> conforms to int)
[ERROR]     constructor java.util.ArrayList.ArrayList(java.util.Collection<? extends java.lang.String>) is not applicable
[ERROR]       (argument mismatch; inference variable T has incompatible bounds
[ERROR]           upper bounds: java.lang.String,java.lang.Object
[ERROR]           lower bounds: java.util.List<java.lang.String>)
[ERROR] /C:/Users/dimit/tradetool_middleware/callcard-components/src/main/java/com/saicon/games/callcard/components/impl/CallCardManagement.java:[518,64] cannot find symbol
[ERROR]   symbol:   method get(<nulltype>,java.lang.String,java.util.List<com.saicon.games.callcard.util.ScopeType>)
[ERROR]   location: variable appSettingsComponent of type com.saicon.games.callcard.components.external.IAppSettingsComponent
[ERROR] /C:/Users/dimit/tradetool_middleware/callcard-components/src/main/java/com/saicon/games/callcard/components/impl/CallCardManagement.java:[555,92] incompatible types: java.util.List<java.lang.String> cannot be converted to java.util.List<com.saicon.games.metadata.dto.MetadataKeyDTO>
[ERROR] /C:/Users/dimit/tradetool_middleware/callcard-components/src/main/java/com/saicon/games/callcard/components/impl/CallCardManagement.java:[567,79] cannot find symbol
[ERROR]   symbol:   method getMultipleBrandProducts(java.lang.String,<nulltype>,java.lang.String,<nulltype>,<nulltype>,java.lang.String[],java.lang.Integer[],java.lang.String[],java.lang.String[],java.lang.String[],int,int,boolean,boolean,<nulltype>,<nulltype>,<nulltype>,boolean,<nulltype>,<nulltype>,boolean,<nulltype>,com.saicon.games.callcard.util.SortOrderTypes)
[ERROR]   location: variable solrClient of type com.saicon.games.callcard.components.external.SolrClient
[ERROR] /C:/Users/dimit/tradetool_middleware/callcard-components/src/main/java/com/saicon/games/callcard/components/impl/CallCardManagement.java:[596,47] no suitable constructor found for ArrayList(java.util.List<java.util.List<java.lang.String>>)
[ERROR]     constructor java.util.ArrayList.ArrayList(int) is not applicable
[ERROR]       (argument mismatch; no instance(s) of type variable(s) T exist so that java.util.List<T> conforms to int)
[ERROR]     constructor java.util.ArrayList.ArrayList(java.util.Collection<? extends java.lang.String>) is not applicable
[ERROR]       (argument mismatch; inference variable T has incompatible bounds
[ERROR]           upper bounds: java.lang.String,java.lang.Object
[ERROR]           lower bounds: java.util.List<java.lang.String>)
[ERROR] /C:/Users/dimit/tradetool_middleware/callcard-components/src/main/java/com/saicon/games/callcard/components/impl/CallCardManagement.java:[1321,64] cannot find symbol
[ERROR]   symbol:   method get(<nulltype>,java.lang.String,java.util.List<com.saicon.games.callcard.util.ScopeType>)
[ERROR]   location: variable appSettingsComponent of type com.saicon.games.callcard.components.external.IAppSettingsComponent
[ERROR] /C:/Users/dimit/tradetool_middleware/callcard-components/src/main/java/com/saicon/games/callcard/components/impl/CallCardManagement.java:[1358,92] incompatible types: java.util.List<java.lang.String> cannot be converted to java.util.List<com.saicon.games.metadata.dto.MetadataKeyDTO>
[ERROR] /C:/Users/dimit/tradetool_middleware/callcard-components/src/main/java/com/saicon/games/callcard/components/impl/CallCardManagement.java:[1370,79] cannot find symbol
[ERROR]   symbol:   method getMultipleBrandProducts(java.lang.String,<nulltype>,java.lang.String,<nulltype>,<nulltype>,java.lang.String[],java.lang.Integer[],java.lang.String[],java.lang.String[],java.lang.String[],int,int,boolean,boolean,<nulltype>,<nulltype>,<nulltype>,boolean,<nulltype>,<nulltype>,boolean,<nulltype>,com.saicon.games.callcard.util.SortOrderTypes)
[ERROR]   location: variable solrClient of type com.saicon.games.callcard.components.external.SolrClient
[ERROR] /C:/Users/dimit/tradetool_middleware/callcard-components/src/main/java/com/saicon/games/callcard/components/impl/CallCardManagement.java:[1399,47] no suitable constructor found for ArrayList(java.util.List<java.util.List<java.lang.String>>)
[ERROR]     constructor java.util.ArrayList.ArrayList(int) is not applicable
[ERROR]       (argument mismatch; no instance(s) of type variable(s) T exist so that java.util.List<T> conforms to int)
[ERROR]     constructor java.util.ArrayList.ArrayList(java.util.Collection<? extends java.lang.String>) is not applicable
[ERROR]       (argument mismatch; inference variable T has incompatible bounds
[ERROR]           upper bounds: java.lang.String,java.lang.Object
[ERROR]           lower bounds: java.util.List<java.lang.String>)
[ERROR] /C:/Users/dimit/tradetool_middleware/callcard-components/src/main/java/com/saicon/games/callcard/components/impl/CallCardManagement.java:[2123,21] cannot find symbol
[ERROR]   symbol:   class SalesOrderDTO
[ERROR]   location: class com.saicon.games.callcard.components.impl.CallCardManagement
[ERROR] /C:/Users/dimit/tradetool_middleware/callcard-components/src/main/java/com/saicon/games/callcard/components/impl/CallCardManagement.java:[2173,77] incompatible types: java.util.List<java.lang.Object> cannot be converted to java.util.List<com.saicon.games.callcard.components.external.SalesOrder>
[ERROR] /C:/Users/dimit/tradetool_middleware/callcard-components/src/main/java/com/saicon/games/callcard/components/impl/CallCardManagement.java:[2177,54] cannot find symbol
[ERROR]   symbol:   class SalesOrderDTO
[ERROR]   location: class com.saicon.games.callcard.components.impl.CallCardManagement
[ERROR] /C:/Users/dimit/tradetool_middleware/callcard-components/src/main/java/com/saicon/games/callcard/components/impl/CallCardManagement.java:[2177,426] cannot find symbol
[ERROR]   symbol:   class SalesOrderDetailsDTO
[ERROR]   location: class com.saicon.games.callcard.components.impl.CallCardManagement
[ERROR] /C:/Users/dimit/tradetool_middleware/callcard-components/src/main/java/com/saicon/games/callcard/components/impl/CallCardManagement.java:[2177,326] cannot find symbol
[ERROR]   symbol:   method getSalesOrderStatus()
[ERROR]   location: class com.saicon.games.callcard.components.external.SalesOrder
[ERROR] /C:/Users/dimit/tradetool_middleware/callcard-components/src/main/java/com/saicon/games/callcard/components/impl/CallCardManagement.java:[2205,82] cannot find symbol
[ERROR]   symbol:   class SalesOrderDTO
[ERROR]   location: class com.saicon.games.callcard.components.impl.CallCardManagement
[ERROR] /C:/Users/dimit/tradetool_middleware/callcard-components/src/main/java/com/saicon/games/callcard/components/impl/CallCardManagement.java:[2205,440] cannot find symbol
[ERROR]   symbol:   class SalesOrderDetailsDTO
[ERROR]   location: class com.saicon.games.callcard.components.impl.CallCardManagement
[ERROR] /C:/Users/dimit/tradetool_middleware/callcard-components/src/main/java/com/saicon/games/callcard/components/impl/CallCardManagement.java:[2205,352] package SalesOrderStatus does not exist
[ERROR] /C:/Users/dimit/tradetool_middleware/callcard-components/src/main/java/com/saicon/games/callcard/components/impl/CallCardManagement.java:[2209,53] cannot find symbol
[ERROR]   symbol:   class SalesOrderDetailsDTO
[ERROR]   location: class com.saicon.games.callcard.components.impl.CallCardManagement
[ERROR] /C:/Users/dimit/tradetool_middleware/callcard-components/src/main/java/com/saicon/games/callcard/components/impl/CallCardManagement.java:[2209,106] cannot find symbol
[ERROR]   symbol:   class SalesOrderDetailsDTO
[ERROR]   location: class com.saicon.games.callcard.components.impl.CallCardManagement
[ERROR] /C:/Users/dimit/tradetool_middleware/callcard-components/src/main/java/com/saicon/games/callcard/components/impl/CallCardManagement.java:[2271,46] cannot find symbol
[ERROR]   symbol:   method getSalesOrderDetails()
[ERROR]   location: variable revisedSalesOrder of type com.saicon.games.callcard.components.external.SalesOrder
[ERROR] /C:/Users/dimit/tradetool_middleware/callcard-components/src/main/java/com/saicon/games/callcard/components/impl/CallCardManagement.java:[2273,78] cannot find symbol
[ERROR]   symbol:   method getSalesOrderDetails()
[ERROR]   location: variable revisedSalesOrder of type com.saicon.games.callcard.components.external.SalesOrder
[ERROR] /C:/Users/dimit/tradetool_middleware/callcard-components/src/main/java/com/saicon/games/callcard/components/impl/CallCardManagement.java:[2274,38] cannot find symbol
[ERROR]   symbol:   class SalesOrderDetailsDTO
[ERROR]   location: class com.saicon.games.callcard.components.impl.CallCardManagement
[ERROR] /C:/Users/dimit/tradetool_middleware/callcard-components/src/main/java/com/saicon/games/callcard/components/impl/CallCardManagement.java:[2307,30] cannot find symbol
[ERROR]   symbol:   class SalesOrderDetailsDTO
[ERROR]   location: class com.saicon.games.callcard.components.impl.CallCardManagement
[ERROR] /C:/Users/dimit/tradetool_middleware/callcard-components/src/main/java/com/saicon/games/callcard/components/impl/CallCardManagement.java:[2308,29] cannot find symbol
[ERROR]   symbol:   class SalesOrderDetailsDTO
[ERROR]   location: class com.saicon.games.callcard.components.impl.CallCardManagement
[ERROR] /C:/Users/dimit/tradetool_middleware/callcard-components/src/main/java/com/saicon/games/callcard/components/impl/CallCardManagement.java:[2573,38] incompatible types: bad type in conditional expression
[ERROR]     no instance(s) of type variable(s) T exist so that java.util.List<T> conforms to java.lang.String[]
[ERROR] /C:/Users/dimit/tradetool_middleware/callcard-components/src/main/java/com/saicon/games/callcard/components/impl/CallCardManagement.java:[2600,15] cannot find symbol
[ERROR]   symbol:   method isValidUUID(java.lang.String,java.lang.String)
[ERROR]   location: class com.saicon.games.callcard.util.Assert
[ERROR] /C:/Users/dimit/tradetool_middleware/callcard-components/src/main/java/com/saicon/games/callcard/components/impl/CallCardManagement.java:[2672,53] incompatible types: possible lossy conversion from long to int
[ERROR] /C:/Users/dimit/tradetool_middleware/callcard-components/src/main/java/com/saicon/games/callcard/components/impl/CallCardManagement.java:[2817,14] cannot find symbol
[ERROR]   symbol:   class MetadataDTO
[ERROR]   location: class com.saicon.games.callcard.components.impl.CallCardManagement
[ERROR] /C:/Users/dimit/tradetool_middleware/callcard-components/src/main/java/com/saicon/games/callcard/components/impl/CallCardManagement.java:[2823,14] cannot find symbol
[ERROR]   symbol:   class MetadataDTO
[ERROR]   location: class com.saicon.games.callcard.components.impl.CallCardManagement
[ERROR] /C:/Users/dimit/tradetool_middleware/callcard-components/src/main/java/com/saicon/games/callcard/components/impl/CallCardManagement.java:[2918,5] method does not override or implement a method from a supertype
[ERROR] /C:/Users/dimit/tradetool_middleware/callcard-components/src/main/java/com/saicon/games/callcard/components/impl/CallCardManagement.java:[3104,18] cannot find symbol
[ERROR]   symbol:   class UserAddressbook
[ERROR]   location: class com.saicon.games.callcard.components.impl.CallCardManagement
[ERROR] /C:/Users/dimit/tradetool_middleware/callcard-components/src/main/java/com/saicon/games/callcard/components/impl/CallCardManagement.java:[3106,18] cannot find symbol
[ERROR]   symbol:   class UserAddressbook
[ERROR]   location: class com.saicon.games.callcard.components.impl.CallCardManagement
[ERROR] /C:/Users/dimit/tradetool_middleware/callcard-components/src/main/java/com/saicon/games/callcard/components/impl/CallCardManagement.java:[3110,22] cannot find symbol
[ERROR]   symbol:   class MetadataDTO
[ERROR]   location: class com.saicon.games.callcard.components.impl.CallCardManagement
[ERROR] /C:/Users/dimit/tradetool_middleware/callcard-components/src/main/java/com/saicon/games/callcard/components/impl/CallCardManagement.java:[3118,22] cannot find symbol
[ERROR]   symbol:   class MetadataDTO
[ERROR]   location: class com.saicon.games.callcard.components.impl.CallCardManagement
[ERROR] /C:/Users/dimit/tradetool_middleware/callcard-components/src/main/java/com/saicon/games/callcard/components/impl/CallCardManagement.java:[3147,53] cannot find symbol
[ERROR]   symbol:   method getCities()
[ERROR]   location: variable postCode of type com.saicon.games.callcard.components.external.Postcode
[ERROR] /C:/Users/dimit/tradetool_middleware/callcard-components/src/main/java/com/saicon/games/callcard/components/impl/CallCardManagement.java:[3147,85] cannot find symbol
[ERROR]   symbol:   method getCities()
[ERROR]   location: variable postCode of type com.saicon.games.callcard.components.external.Postcode
[ERROR] /C:/Users/dimit/tradetool_middleware/callcard-components/src/main/java/com/saicon/games/callcard/components/impl/CallCardManagement.java:[3148,25] cannot find symbol
[ERROR]   symbol:   class City
[ERROR]   location: class com.saicon.games.callcard.components.impl.CallCardManagement
[ERROR] /C:/Users/dimit/tradetool_middleware/callcard-components/src/main/java/com/saicon/games/callcard/components/impl/CallCardManagement.java:[3148,45] cannot find symbol
[ERROR]   symbol:   method getCities()
[ERROR]   location: variable postCode of type com.saicon.games.callcard.components.external.Postcode
[ERROR] /C:/Users/dimit/tradetool_middleware/callcard-components/src/main/java/com/saicon/games/callcard/components/impl/CallCardManagement.java:[3154,46] cannot find symbol
[ERROR]   symbol:   method getCountryId()
[ERROR]   location: variable state of type com.saicon.games.callcard.components.external.State
[ERROR] /C:/Users/dimit/tradetool_middleware/callcard-components/src/main/java/com/saicon/games/callcard/components/impl/CallCardManagement.java:[3154,77] cannot find symbol
[ERROR]   symbol:   method getCountryId()
[ERROR]   location: variable state of type com.saicon.games.callcard.components.external.State
[ERROR] /C:/Users/dimit/tradetool_middleware/callcard-components/src/main/java/com/saicon/games/callcard/components/impl/CallCardManagement.java:[3160,86] incompatible types: java.lang.Object cannot be converted to com.saicon.games.callcard.components.external.Addressbook
[ERROR] /C:/Users/dimit/tradetool_middleware/callcard-components/src/main/java/com/saicon/games/callcard/components/impl/CallCardManagement.java:[3185,81] cannot find symbol
[ERROR]   symbol:   method size()
[ERROR]   location: class java.lang.Object
[ERROR] /C:/Users/dimit/tradetool_middleware/callcard-components/src/main/java/com/saicon/games/callcard/components/impl/CallCardManagement.java:[3186,67] cannot find symbol
[ERROR]   symbol:   method get(int)
[ERROR]   location: class java.lang.Object
[ERROR] /C:/Users/dimit/tradetool_middleware/callcard-components/src/main/java/com/saicon/games/callcard/components/impl/CallCardManagement.java:[3187,32] cannot find symbol
[ERROR]   symbol:   method getLatitude()
[ERROR]   location: variable address of type com.saicon.games.callcard.components.external.Addressbook
[ERROR] /C:/Users/dimit/tradetool_middleware/callcard-components/src/main/java/com/saicon/games/callcard/components/impl/CallCardManagement.java:[3187,65] cannot find symbol
[ERROR]   symbol:   method getLongitude()
[ERROR]   location: variable address of type com.saicon.games.callcard.components.external.Addressbook
[ERROR] /C:/Users/dimit/tradetool_middleware/callcard-components/src/main/java/com/saicon/games/callcard/components/impl/CallCardManagement.java:[3188,104] cannot find symbol
[ERROR]   symbol:   method getLatitude()
[ERROR]   location: variable address of type com.saicon.games.callcard.components.external.Addressbook
[ERROR] /C:/Users/dimit/tradetool_middleware/callcard-components/src/main/java/com/saicon/games/callcard/components/impl/CallCardManagement.java:[3189,105] cannot find symbol
[ERROR]   symbol:   method getLongitude()
[ERROR]   location: variable address of type com.saicon.games.callcard.components.external.Addressbook
[ERROR] /C:/Users/dimit/tradetool_middleware/callcard-components/src/main/java/com/saicon/games/callcard/components/impl/CallCardManagement.java:[3210,86] incompatible types: java.util.List<java.lang.Object> cannot be converted to java.util.List<com.saicon.games.callcard.components.external.SalesOrder>
[ERROR] /C:/Users/dimit/tradetool_middleware/callcard-components/src/main/java/com/saicon/games/callcard/components/impl/CallCardManagement.java:[3219,99] cannot find symbol
[ERROR]   symbol:   method listSalesOrderDetails(<nulltype>,java.lang.String,<nulltype>,<nulltype>,int,int)
[ERROR]   location: variable erpDynamicQueryManager of type com.saicon.games.callcard.components.ErpDynamicQueryManager
[ERROR] /C:/Users/dimit/tradetool_middleware/callcard-components/src/main/java/com/saicon/games/callcard/components/impl/CallCardManagement.java:[3273,97] incompatible types: java.util.List<java.lang.Object[]> cannot be converted to java.util.Map<java.lang.String,java.util.List<com.saicon.games.callcard.entity.CallCardRefUserIndex>>
[ERROR] /C:/Users/dimit/tradetool_middleware/callcard-components/src/main/java/com/saicon/games/callcard/components/impl/CallCardManagement.java:[3277,49] cannot find symbol
[ERROR]   symbol:   method listInvoiceDetailsSummaries(java.lang.String,java.util.List<java.lang.String>,java.lang.Integer,java.util.List<java.lang.Integer>)
[ERROR]   location: variable erpNativeQueryManager of type com.saicon.games.callcard.components.ErpNativeQueryManager
[ERROR] /C:/Users/dimit/tradetool_middleware/callcard-components/src/main/java/com/saicon/games/callcard/components/impl/CallCardManagement.java:[3294,76] incompatible types: java.lang.Integer cannot be converted to com.saicon.games.entities.shared.ItemTypes
[ERROR] /C:/Users/dimit/tradetool_middleware/callcard-components/src/main/java/com/saicon/games/callcard/components/impl/CallCardManagement.java:[3573,15] cannot find symbol
[ERROR]   symbol:   method isValidUUID(java.lang.String,java.lang.String)
[ERROR]   location: class com.saicon.games.callcard.util.Assert
[ERROR] /C:/Users/dimit/tradetool_middleware/callcard-components/src/main/java/com/saicon/games/callcard/components/impl/CallCardManagement.java:[3639,15] cannot find symbol
[ERROR]   symbol:   method isValidUUID(java.lang.String,java.lang.String)
[ERROR]   location: class com.saicon.games.callcard.util.Assert
[ERROR] /C:/Users/dimit/tradetool_middleware/callcard-components/src/main/java/com/saicon/games/callcard/components/impl/CallCardManagement.java:[3641,15] cannot find symbol
[ERROR]   symbol:   method isValidUUID(java.lang.String,java.lang.String)
[ERROR]   location: class com.saicon.games.callcard.util.Assert
[ERROR] /C:/Users/dimit/tradetool_middleware/callcard-components/src/main/java/com/saicon/games/callcard/components/impl/CallCardManagement.java:[3722,15] cannot find symbol
[ERROR]   symbol:   method isValidUUID(java.lang.String,java.lang.String)
[ERROR]   location: class com.saicon.games.callcard.util.Assert
[ERROR] /C:/Users/dimit/tradetool_middleware/callcard-components/src/main/java/com/saicon/games/callcard/components/impl/CallCardManagement.java:[3724,15] cannot find symbol
[ERROR]   symbol:   method isValidUUID(java.lang.String,java.lang.String)
[ERROR]   location: class com.saicon.games.callcard.util.Assert
[ERROR] /C:/Users/dimit/tradetool_middleware/callcard-components/src/main/java/com/saicon/games/callcard/components/impl/CallCardManagement.java:[3826,15] cannot find symbol
[ERROR]   symbol:   method isValidUUID(java.lang.String,java.lang.String)
[ERROR]   location: class com.saicon.games.callcard.util.Assert
[ERROR] /C:/Users/dimit/tradetool_middleware/callcard-components/src/main/java/com/saicon/games/callcard/components/impl/CallCardManagement.java:[3901,15] cannot find symbol
[ERROR]   symbol:   method isValidUUID(java.lang.String,java.lang.String)
[ERROR]   location: class com.saicon.games.callcard.util.Assert
[ERROR] /C:/Users/dimit/tradetool_middleware/callcard-components/src/main/java/com/saicon/games/callcard/components/impl/CallCardManagement.java:[3923,45] incompatible types: java.lang.Object[] cannot be converted to java.lang.Number
[ERROR] /C:/Users/dimit/tradetool_middleware/callcard-components/src/main/java/com/saicon/games/callcard/components/impl/CallCardManagement.java:[3938,15] cannot find symbol
[ERROR]   symbol:   method isValidUUID(java.lang.String,java.lang.String)
[ERROR]   location: class com.saicon.games.callcard.util.Assert
[ERROR] /C:/Users/dimit/tradetool_middleware/callcard-components/src/main/java/com/saicon/games/callcard/components/impl/CallCardManagement.java:[4011,15] cannot find symbol
[ERROR]   symbol:   method isValidUUID(java.lang.String,java.lang.String)
[ERROR]   location: class com.saicon.games.callcard.util.Assert
[ERROR] -> [Help 1]
[ERROR] 
[ERROR] To see the full stack trace of the errors, re-run Maven with the -e switch.
[ERROR] Re-run Maven using the -X switch to enable full debug logging.
[ERROR] 
[ERROR] For more information about the errors and possible solutions, please read the following articles:
[ERROR] [Help 1] http://cwiki.apache.org/confluence/display/MAVEN/MojoFailureException
